============================= test session starts ==============================
platform linux -- Python 3.11.14, pytest-7.4.3, pluggy-1.6.0 -- /usr/local/bin/python
cachedir: .pytest_cache
rootdir: /app
configfile: pytest.ini
plugins: anyio-4.12.1, cov-4.1.0, asyncio-0.21.1
asyncio: mode=Mode.AUTO
collecting ... collected 50 items

tests/test_routers_validation.py::TestCoursesValidation::test_create_course_invalid_level ERROR [  2%]
tests/test_routers_validation.py::TestCoursesValidation::test_create_course_invalid_credits ERROR [  4%]
tests/test_routers_validation.py::TestCoursesValidation::test_create_course_negative_hours ERROR [  6%]
tests/test_routers_validation.py::TestCoursesValidation::test_create_course_excessive_total_hours ERROR [  8%]
tests/test_routers_validation.py::TestCoursesValidation::test_create_course_empty_code ERROR [ 10%]
tests/test_routers_validation.py::TestCoursesValidation::test_create_course_empty_name ERROR [ 12%]
tests/test_routers_validation.py::TestCoursesValidation::test_create_course_invalid_department ERROR [ 14%]
tests/test_routers_validation.py::TestCoursesValidation::test_create_course_duplicate_code ERROR [ 16%]
tests/test_routers_validation.py::TestCoursesValidation::test_get_nonexistent_course ERROR [ 18%]
tests/test_routers_validation.py::TestCoursesValidation::test_update_nonexistent_course ERROR [ 20%]
tests/test_routers_validation.py::TestCoursesValidation::test_create_course_valid ERROR [ 22%]
tests/test_routers_validation.py::TestCoursesValidation::test_update_course_valid ERROR [ 24%]
tests/test_routers_validation.py::TestLecturersValidation::test_create_lecturer_invalid_email ERROR [ 26%]
tests/test_routers_validation.py::TestLecturersValidation::test_create_lecturer_invalid_max_hours_high ERROR [ 28%]
tests/test_routers_validation.py::TestLecturersValidation::test_create_lecturer_invalid_max_hours_zero ERROR [ 30%]
tests/test_routers_validation.py::TestLecturersValidation::test_create_lecturer_empty_staff_number ERROR [ 32%]
tests/test_routers_validation.py::TestLecturersValidation::test_create_lecturer_empty_full_name ERROR [ 34%]
tests/test_routers_validation.py::TestLecturersValidation::test_create_lecturer_invalid_department ERROR [ 36%]
tests/test_routers_validation.py::TestLecturersValidation::test_create_lecturer_duplicate_staff_number ERROR [ 38%]
tests/test_routers_validation.py::TestLecturersValidation::test_create_lecturer_duplicate_email ERROR [ 40%]
tests/test_routers_validation.py::TestLecturersValidation::test_update_nonexistent_lecturer ERROR [ 42%]
tests/test_routers_validation.py::TestLecturersValidation::test_create_lecturer_valid ERROR [ 44%]
tests/test_routers_validation.py::TestRoomsValidation::test_create_room_zero_capacity ERROR [ 46%]
tests/test_routers_validation.py::TestRoomsValidation::test_create_room_excessive_capacity ERROR [ 48%]
tests/test_routers_validation.py::TestRoomsValidation::test_create_room_invalid_type ERROR [ 50%]
tests/test_routers_validation.py::TestRoomsValidation::test_create_room_empty_name ERROR [ 52%]
tests/test_routers_validation.py::TestRoomsValidation::test_create_room_invalid_department ERROR [ 54%]
tests/test_routers_validation.py::TestRoomsValidation::test_create_room_duplicate_name ERROR [ 56%]
tests/test_routers_validation.py::TestRoomsValidation::test_update_nonexistent_room ERROR [ 58%]
tests/test_routers_validation.py::TestRoomsValidation::test_create_room_valid_lecture_hall ERROR [ 60%]
tests/test_routers_validation.py::TestRoomsValidation::test_create_room_valid_lab ERROR [ 62%]
tests/test_routers_validation.py::TestRoomsValidation::test_create_room_valid_tutorial ERROR [ 64%]
tests/test_routers_validation.py::TestGroupsValidation::test_create_group_zero_size ERROR [ 66%]
tests/test_routers_validation.py::TestGroupsValidation::test_create_group_excessive_size ERROR [ 68%]
tests/test_routers_validation.py::TestGroupsValidation::test_create_group_invalid_level ERROR [ 70%]
tests/test_routers_validation.py::TestGroupsValidation::test_create_group_empty_name ERROR [ 72%]
tests/test_routers_validation.py::TestGroupsValidation::test_create_group_invalid_department ERROR [ 74%]
tests/test_routers_validation.py::TestGroupsValidation::test_create_group_duplicate_name ERROR [ 76%]
tests/test_routers_validation.py::TestGroupsValidation::test_update_nonexistent_group ERROR [ 78%]
tests/test_routers_validation.py::TestGroupsValidation::test_create_group_valid ERROR [ 80%]
tests/test_routers_validation.py::TestGroupsValidation::test_create_group_minimum_size ERROR [ 82%]
tests/test_routers_validation.py::TestGroupsValidation::test_create_group_maximum_size ERROR [ 84%]
tests/test_routers_validation.py::TestDepartmentsValidation::test_create_department_empty_name ERROR [ 86%]
tests/test_routers_validation.py::TestDepartmentsValidation::test_create_department_empty_code ERROR [ 88%]
tests/test_routers_validation.py::TestDepartmentsValidation::test_create_department_duplicate_code ERROR [ 90%]
tests/test_routers_validation.py::TestDepartmentsValidation::test_create_department_duplicate_name ERROR [ 92%]
tests/test_routers_validation.py::TestDepartmentsValidation::test_delete_nonexistent_department ERROR [ 94%]
tests/test_routers_validation.py::TestDepartmentsValidation::test_create_department_valid ERROR [ 96%]
tests/test_routers_validation.py::TestDepartmentsValidation::test_create_multiple_departments_different_codes ERROR [ 98%]
tests/test_routers_validation.py::TestDepartmentsValidation::test_get_all_departments ERROR [100%]

==================================== ERRORS ====================================
___ ERROR at setup of TestCoursesValidation.test_create_course_invalid_level ___
/usr/local/lib/python3.11/site-packages/pytest_asyncio/plugin.py:326: in _async_fixture_wrapper
    return event_loop.run_until_complete(setup())
/usr/local/lib/python3.11/asyncio/base_events.py:654: in run_until_complete
    return future.result()
/usr/local/lib/python3.11/site-packages/pytest_asyncio/plugin.py:323: in setup
    res = await func(**_add_kwargs(func, kwargs, event_loop, request))
tests/conftest.py:177: in auth_token
    assert response.status_code == 200, (
E   AssertionError: Coordinator login failed: 401 {"detail":"Incorrect username or password"}
E   assert 401 == 200
E    +  where 401 = <Response [401 Unauthorized]>.status_code
---------------------------- Captured stdout setup -----------------------------
2026-02-20 14:15:32,474 INFO sqlalchemy.engine.Engine BEGIN (implicit)
2026-02-20 14:15:32,483 INFO sqlalchemy.engine.Engine SELECT users.id AS users_id, users.email AS users_email, users.username AS users_username, users.hashed_password AS users_hashed_password, users.full_name AS users_full_name, users.role AS users_role, users.department_id AS users_department_id, users.is_active AS users_is_active 
FROM users 
WHERE users.username = %(username_1)s 
 LIMIT %(param_1)s
2026-02-20 14:15:32,484 INFO sqlalchemy.engine.Engine [generated in 0.00112s] {'username_1': 'coordinator', 'param_1': 1}
2026-02-20 14:15:33,016 INFO sqlalchemy.engine.Engine ROLLBACK
---------------------------- Captured stderr setup -----------------------------
2026-02-20 14:15:29 - asyncio - DEBUG - Using selector: EpollSelector
2026-02-20 14:15:29 - asyncio - DEBUG - Using selector: EpollSelector
2026-02-20 14:15:31 - passlib.handlers.bcrypt - DEBUG - detected 'bcrypt' backend, version '4.0.1'
2026-02-20 14:15:31 - passlib.handlers.bcrypt - DEBUG - 'bcrypt' backend lacks $2$ support, enabling workaround
2026-02-20 14:15:32 - app.database - DEBUG - DB Pool: 1/5 in, 0 out, -4 overflow
2026-02-20 14:15:32 - sqlalchemy.engine.Engine - INFO - BEGIN (implicit)
2026-02-20 14:15:32 - sqlalchemy.engine.Engine - INFO - SELECT users.id AS users_id, users.email AS users_email, users.username AS users_username, users.hashed_password AS users_hashed_password, users.full_name AS users_full_name, users.role AS users_role, users.department_id AS users_department_id, users.is_active AS users_is_active 
FROM users 
WHERE users.username = %(username_1)s 
 LIMIT %(param_1)s
2026-02-20 14:15:32 - sqlalchemy.engine.Engine - INFO - [generated in 0.00112s] {'username_1': 'coordinator', 'param_1': 1}
2026-02-20 14:15:32 - audit - INFO - {"timestamp": "2026-02-20T14:15:32.978920Z", "event_type": "LOGIN_FAILURE", "user_id": null, "username": "coordinator", "ip_address": "127.0.0.1", "user_agent": "python-httpx/0.25.2", "resource": "/api/auth/login", "action": "POST", "success": false, "details": {"reason": "Invalid credentials"}, "request_id": "f2ff0193-c313-4961-b377-05958eaeb1df"}
2026-02-20 14:15:33 - app.middleware.rate_limiter - INFO - AUTH FAIL: 127.0.0.1 - failed login attempt
2026-02-20 14:15:33 - sqlalchemy.engine.Engine - INFO - ROLLBACK
2026-02-20 14:15:33 - httpx - INFO - HTTP Request: POST http://test/api/auth/login "HTTP/1.1 401 Unauthorized"
------------------------------ Captured log setup ------------------------------
DEBUG    asyncio:selector_events.py:54 Using selector: EpollSelector
DEBUG    asyncio:selector_events.py:54 Using selector: EpollSelector
DEBUG    passlib.handlers.bcrypt:bcrypt.py:625 detected 'bcrypt' backend, version '4.0.1'
DEBUG    passlib.handlers.bcrypt:bcrypt.py:406 'bcrypt' backend lacks $2$ support, enabling workaround
DEBUG    app.database:database.py:64 DB Pool: 1/5 in, 0 out, -4 overflow
INFO     sqlalchemy.engine.Engine:base.py:2710 BEGIN (implicit)
INFO     sqlalchemy.engine.Engine:base.py:1846 SELECT users.id AS users_id, users.email AS users_email, users.username AS users_username, users.hashed_password AS users_hashed_password, users.full_name AS users_full_name, users.role AS users_role, users.department_id AS users_department_id, users.is_active AS users_is_active 
FROM users 
WHERE users.username = %(username_1)s 
 LIMIT %(param_1)s
INFO     sqlalchemy.engine.Engine:base.py:1846 [generated in 0.00112s] {'username_1': 'coordinator', 'param_1': 1}
INFO     audit:audit_logger.py:78 {"timestamp": "2026-02-20T14:15:32.978920Z", "event_type": "LOGIN_FAILURE", "user_id": null, "username": "coordinator", "ip_address": "127.0.0.1", "user_agent": "python-httpx/0.25.2", "resource": "/api/auth/login", "action": "POST", "success": false, "details": {"reason": "Invalid credentials"}, "request_id": "f2ff0193-c313-4961-b377-05958eaeb1df"}
INFO     app.middleware.rate_limiter:rate_limiter.py:73 AUTH FAIL: 127.0.0.1 - failed login attempt
INFO     sqlalchemy.engine.Engine:base.py:2713 ROLLBACK
INFO     httpx:_client.py:1729 HTTP Request: POST http://test/api/auth/login "HTTP/1.1 401 Unauthorized"
__ ERROR at setup of TestCoursesValidation.test_create_course_invalid_credits __
/usr/local/lib/python3.11/site-packages/pytest_asyncio/plugin.py:326: in _async_fixture_wrapper
    return event_loop.run_until_complete(setup())
/usr/local/lib/python3.11/asyncio/base_events.py:654: in run_until_complete
    return future.result()
/usr/local/lib/python3.11/site-packages/pytest_asyncio/plugin.py:323: in setup
    res = await func(**_add_kwargs(func, kwargs, event_loop, request))
tests/conftest.py:177: in auth_token
    assert response.status_code == 200, (
E   AssertionError: Coordinator login failed: 401 {"detail":"Incorrect username or password"}
E   assert 401 == 200
E    +  where 401 = <Response [401 Unauthorized]>.status_code
---------------------------- Captured stdout setup -----------------------------
2026-02-20 14:15:34,145 INFO sqlalchemy.engine.Engine BEGIN (implicit)
2026-02-20 14:15:34,148 INFO sqlalchemy.engine.Engine SELECT users.id AS users_id, users.email AS users_email, users.username AS users_username, users.hashed_password AS users_hashed_password, users.full_name AS users_full_name, users.role AS users_role, users.department_id AS users_department_id, users.is_active AS users_is_active 
FROM users 
WHERE users.username = %(username_1)s 
 LIMIT %(param_1)s
2026-02-20 14:15:34,148 INFO sqlalchemy.engine.Engine [cached since 1.666s ago] {'username_1': 'coordinator', 'param_1': 1}
2026-02-20 14:15:35,225 INFO sqlalchemy.engine.Engine ROLLBACK
---------------------------- Captured stderr setup -----------------------------
2026-02-20 14:15:34 - app.database - DEBUG - DB Pool: 1/5 in, 0 out, -4 overflow
2026-02-20 14:15:34 - sqlalchemy.engine.Engine - INFO - BEGIN (implicit)
2026-02-20 14:15:34 - sqlalchemy.engine.Engine - INFO - SELECT users.id AS users_id, users.email AS users_email, users.username AS users_username, users.hashed_password AS users_hashed_password, users.full_name AS users_full_name, users.role AS users_role, users.department_id AS users_department_id, users.is_active AS users_is_active 
FROM users 
WHERE users.username = %(username_1)s 
 LIMIT %(param_1)s
2026-02-20 14:15:34 - sqlalchemy.engine.Engine - INFO - [cached since 1.666s ago] {'username_1': 'coordinator', 'param_1': 1}
2026-02-20 14:15:34 - audit - INFO - {"timestamp": "2026-02-20T14:15:34.831054Z", "event_type": "LOGIN_FAILURE", "user_id": null, "username": "coordinator", "ip_address": "127.0.0.1", "user_agent": "python-httpx/0.25.2", "resource": "/api/auth/login", "action": "POST", "success": false, "details": {"reason": "Invalid credentials"}, "request_id": "69284452-4b7d-4578-8ce4-8ea39a4c096d"}
2026-02-20 14:15:35 - app.middleware.rate_limiter - INFO - AUTH FAIL: 127.0.0.1 - failed login attempt
2026-02-20 14:15:35 - sqlalchemy.engine.Engine - INFO - ROLLBACK
2026-02-20 14:15:35 - httpx - INFO - HTTP Request: POST http://test/api/auth/login "HTTP/1.1 401 Unauthorized"
------------------------------ Captured log setup ------------------------------
DEBUG    app.database:database.py:64 DB Pool: 1/5 in, 0 out, -4 overflow
INFO     sqlalchemy.engine.Engine:base.py:2710 BEGIN (implicit)
INFO     sqlalchemy.engine.Engine:base.py:1846 SELECT users.id AS users_id, users.email AS users_email, users.username AS users_username, users.hashed_password AS users_hashed_password, users.full_name AS users_full_name, users.role AS users_role, users.department_id AS users_department_id, users.is_active AS users_is_active 
FROM users 
WHERE users.username = %(username_1)s 
 LIMIT %(param_1)s
INFO     sqlalchemy.engine.Engine:base.py:1846 [cached since 1.666s ago] {'username_1': 'coordinator', 'param_1': 1}
INFO     audit:audit_logger.py:78 {"timestamp": "2026-02-20T14:15:34.831054Z", "event_type": "LOGIN_FAILURE", "user_id": null, "username": "coordinator", "ip_address": "127.0.0.1", "user_agent": "python-httpx/0.25.2", "resource": "/api/auth/login", "action": "POST", "success": false, "details": {"reason": "Invalid credentials"}, "request_id": "69284452-4b7d-4578-8ce4-8ea39a4c096d"}
INFO     app.middleware.rate_limiter:rate_limiter.py:73 AUTH FAIL: 127.0.0.1 - failed login attempt
INFO     sqlalchemy.engine.Engine:base.py:2713 ROLLBACK
INFO     httpx:_client.py:1729 HTTP Request: POST http://test/api/auth/login "HTTP/1.1 401 Unauthorized"
__ ERROR at setup of TestCoursesValidation.test_create_course_negative_hours ___
/usr/local/lib/python3.11/site-packages/pytest_asyncio/plugin.py:326: in _async_fixture_wrapper
    return event_loop.run_until_complete(setup())
/usr/local/lib/python3.11/asyncio/base_events.py:654: in run_until_complete
    return future.result()
/usr/local/lib/python3.11/site-packages/pytest_asyncio/plugin.py:323: in setup
    res = await func(**_add_kwargs(func, kwargs, event_loop, request))
tests/conftest.py:177: in auth_token
    assert response.status_code == 200, (
E   AssertionError: Coordinator login failed: 401 {"detail":"Incorrect username or password"}
E   assert 401 == 200
E    +  where 401 = <Response [401 Unauthorized]>.status_code
---------------------------- Captured stdout setup -----------------------------
2026-02-20 14:15:35,620 INFO sqlalchemy.engine.Engine BEGIN (implicit)
2026-02-20 14:15:35,622 INFO sqlalchemy.engine.Engine SELECT users.id AS users_id, users.email AS users_email, users.username AS users_username, users.hashed_password AS users_hashed_password, users.full_name AS users_full_name, users.role AS users_role, users.department_id AS users_department_id, users.is_active AS users_is_active 
FROM users 
WHERE users.username = %(username_1)s 
 LIMIT %(param_1)s
2026-02-20 14:15:35,622 INFO sqlalchemy.engine.Engine [cached since 3.14s ago] {'username_1': 'coordinator', 'param_1': 1}
2026-02-20 14:15:36,119 INFO sqlalchemy.engine.Engine ROLLBACK
---------------------------- Captured stderr setup -----------------------------
2026-02-20 14:15:35 - app.database - DEBUG - DB Pool: 1/5 in, 0 out, -4 overflow
2026-02-20 14:15:35 - sqlalchemy.engine.Engine - INFO - BEGIN (implicit)
2026-02-20 14:15:35 - sqlalchemy.engine.Engine - INFO - SELECT users.id AS users_id, users.email AS users_email, users.username AS users_username, users.hashed_password AS users_hashed_password, users.full_name AS users_full_name, users.role AS users_role, users.department_id AS users_department_id, users.is_active AS users_is_active 
FROM users 
WHERE users.username = %(username_1)s 
 LIMIT %(param_1)s
2026-02-20 14:15:35 - sqlalchemy.engine.Engine - INFO - [cached since 3.14s ago] {'username_1': 'coordinator', 'param_1': 1}
2026-02-20 14:15:36 - audit - INFO - {"timestamp": "2026-02-20T14:15:36.111079Z", "event_type": "LOGIN_FAILURE", "user_id": null, "username": "coordinator", "ip_address": "127.0.0.1", "user_agent": "python-httpx/0.25.2", "resource": "/api/auth/login", "action": "POST", "success": false, "details": {"reason": "Invalid credentials"}, "request_id": "eabcd83d-c989-45ba-a769-143bce6ca547"}
2026-02-20 14:15:36 - app.middleware.rate_limiter - INFO - AUTH FAIL: 127.0.0.1 - failed login attempt
2026-02-20 14:15:36 - sqlalchemy.engine.Engine - INFO - ROLLBACK
2026-02-20 14:15:36 - httpx - INFO - HTTP Request: POST http://test/api/auth/login "HTTP/1.1 401 Unauthorized"
------------------------------ Captured log setup ------------------------------
DEBUG    app.database:database.py:64 DB Pool: 1/5 in, 0 out, -4 overflow
INFO     sqlalchemy.engine.Engine:base.py:2710 BEGIN (implicit)
INFO     sqlalchemy.engine.Engine:base.py:1846 SELECT users.id AS users_id, users.email AS users_email, users.username AS users_username, users.hashed_password AS users_hashed_password, users.full_name AS users_full_name, users.role AS users_role, users.department_id AS users_department_id, users.is_active AS users_is_active 
FROM users 
WHERE users.username = %(username_1)s 
 LIMIT %(param_1)s
INFO     sqlalchemy.engine.Engine:base.py:1846 [cached since 3.14s ago] {'username_1': 'coordinator', 'param_1': 1}
INFO     audit:audit_logger.py:78 {"timestamp": "2026-02-20T14:15:36.111079Z", "event_type": "LOGIN_FAILURE", "user_id": null, "username": "coordinator", "ip_address": "127.0.0.1", "user_agent": "python-httpx/0.25.2", "resource": "/api/auth/login", "action": "POST", "success": false, "details": {"reason": "Invalid credentials"}, "request_id": "eabcd83d-c989-45ba-a769-143bce6ca547"}
INFO     app.middleware.rate_limiter:rate_limiter.py:73 AUTH FAIL: 127.0.0.1 - failed login attempt
INFO     sqlalchemy.engine.Engine:base.py:2713 ROLLBACK
INFO     httpx:_client.py:1729 HTTP Request: POST http://test/api/auth/login "HTTP/1.1 401 Unauthorized"
_ ERROR at setup of TestCoursesValidation.test_create_course_excessive_total_hours _
/usr/local/lib/python3.11/site-packages/pytest_asyncio/plugin.py:326: in _async_fixture_wrapper
    return event_loop.run_until_complete(setup())
/usr/local/lib/python3.11/asyncio/base_events.py:654: in run_until_complete
    return future.result()
/usr/local/lib/python3.11/site-packages/pytest_asyncio/plugin.py:323: in setup
    res = await func(**_add_kwargs(func, kwargs, event_loop, request))
tests/conftest.py:177: in auth_token
    assert response.status_code == 200, (
E   AssertionError: Coordinator login failed: 401 {"detail":"Incorrect username or password"}
E   assert 401 == 200
E    +  where 401 = <Response [401 Unauthorized]>.status_code
---------------------------- Captured stdout setup -----------------------------
2026-02-20 14:15:36,272 INFO sqlalchemy.engine.Engine BEGIN (implicit)
2026-02-20 14:15:36,274 INFO sqlalchemy.engine.Engine SELECT users.id AS users_id, users.email AS users_email, users.username AS users_username, users.hashed_password AS users_hashed_password, users.full_name AS users_full_name, users.role AS users_role, users.department_id AS users_department_id, users.is_active AS users_is_active 
FROM users 
WHERE users.username = %(username_1)s 
 LIMIT %(param_1)s
2026-02-20 14:15:36,274 INFO sqlalchemy.engine.Engine [cached since 3.792s ago] {'username_1': 'coordinator', 'param_1': 1}
2026-02-20 14:15:36,672 INFO sqlalchemy.engine.Engine ROLLBACK
---------------------------- Captured stderr setup -----------------------------
2026-02-20 14:15:36 - app.database - DEBUG - DB Pool: 1/5 in, 0 out, -4 overflow
2026-02-20 14:15:36 - sqlalchemy.engine.Engine - INFO - BEGIN (implicit)
2026-02-20 14:15:36 - sqlalchemy.engine.Engine - INFO - SELECT users.id AS users_id, users.email AS users_email, users.username AS users_username, users.hashed_password AS users_hashed_password, users.full_name AS users_full_name, users.role AS users_role, users.department_id AS users_department_id, users.is_active AS users_is_active 
FROM users 
WHERE users.username = %(username_1)s 
 LIMIT %(param_1)s
2026-02-20 14:15:36 - sqlalchemy.engine.Engine - INFO - [cached since 3.792s ago] {'username_1': 'coordinator', 'param_1': 1}
2026-02-20 14:15:36 - audit - INFO - {"timestamp": "2026-02-20T14:15:36.663784Z", "event_type": "LOGIN_FAILURE", "user_id": null, "username": "coordinator", "ip_address": "127.0.0.1", "user_agent": "python-httpx/0.25.2", "resource": "/api/auth/login", "action": "POST", "success": false, "details": {"reason": "Invalid credentials"}, "request_id": "39218ccb-42f5-4dbb-bc4a-419da3f849a8"}
2026-02-20 14:15:36 - app.middleware.rate_limiter - INFO - AUTH FAIL: 127.0.0.1 - failed login attempt
2026-02-20 14:15:36 - sqlalchemy.engine.Engine - INFO - ROLLBACK
2026-02-20 14:15:36 - httpx - INFO - HTTP Request: POST http://test/api/auth/login "HTTP/1.1 401 Unauthorized"
------------------------------ Captured log setup ------------------------------
DEBUG    app.database:database.py:64 DB Pool: 1/5 in, 0 out, -4 overflow
INFO     sqlalchemy.engine.Engine:base.py:2710 BEGIN (implicit)
INFO     sqlalchemy.engine.Engine:base.py:1846 SELECT users.id AS users_id, users.email AS users_email, users.username AS users_username, users.hashed_password AS users_hashed_password, users.full_name AS users_full_name, users.role AS users_role, users.department_id AS users_department_id, users.is_active AS users_is_active 
FROM users 
WHERE users.username = %(username_1)s 
 LIMIT %(param_1)s
INFO     sqlalchemy.engine.Engine:base.py:1846 [cached since 3.792s ago] {'username_1': 'coordinator', 'param_1': 1}
INFO     audit:audit_logger.py:78 {"timestamp": "2026-02-20T14:15:36.663784Z", "event_type": "LOGIN_FAILURE", "user_id": null, "username": "coordinator", "ip_address": "127.0.0.1", "user_agent": "python-httpx/0.25.2", "resource": "/api/auth/login", "action": "POST", "success": false, "details": {"reason": "Invalid credentials"}, "request_id": "39218ccb-42f5-4dbb-bc4a-419da3f849a8"}
INFO     app.middleware.rate_limiter:rate_limiter.py:73 AUTH FAIL: 127.0.0.1 - failed login attempt
INFO     sqlalchemy.engine.Engine:base.py:2713 ROLLBACK
INFO     httpx:_client.py:1729 HTTP Request: POST http://test/api/auth/login "HTTP/1.1 401 Unauthorized"
____ ERROR at setup of TestCoursesValidation.test_create_course_empty_code _____
/usr/local/lib/python3.11/site-packages/pytest_asyncio/plugin.py:326: in _async_fixture_wrapper
    return event_loop.run_until_complete(setup())
/usr/local/lib/python3.11/asyncio/base_events.py:654: in run_until_complete
    return future.result()
/usr/local/lib/python3.11/site-packages/pytest_asyncio/plugin.py:323: in setup
    res = await func(**_add_kwargs(func, kwargs, event_loop, request))
tests/conftest.py:177: in auth_token
    assert response.status_code == 200, (
E   AssertionError: Coordinator login failed: 401 {"detail":"Incorrect username or password"}
E   assert 401 == 200
E    +  where 401 = <Response [401 Unauthorized]>.status_code
---------------------------- Captured stdout setup -----------------------------
2026-02-20 14:15:37,165 INFO sqlalchemy.engine.Engine BEGIN (implicit)
2026-02-20 14:15:37,166 INFO sqlalchemy.engine.Engine SELECT users.id AS users_id, users.email AS users_email, users.username AS users_username, users.hashed_password AS users_hashed_password, users.full_name AS users_full_name, users.role AS users_role, users.department_id AS users_department_id, users.is_active AS users_is_active 
FROM users 
WHERE users.username = %(username_1)s 
 LIMIT %(param_1)s
2026-02-20 14:15:37,167 INFO sqlalchemy.engine.Engine [cached since 4.684s ago] {'username_1': 'coordinator', 'param_1': 1}
2026-02-20 14:15:37,542 INFO sqlalchemy.engine.Engine ROLLBACK
---------------------------- Captured stderr setup -----------------------------
2026-02-20 14:15:37 - app.database - DEBUG - DB Pool: 1/5 in, 0 out, -4 overflow
2026-02-20 14:15:37 - sqlalchemy.engine.Engine - INFO - BEGIN (implicit)
2026-02-20 14:15:37 - sqlalchemy.engine.Engine - INFO - SELECT users.id AS users_id, users.email AS users_email, users.username AS users_username, users.hashed_password AS users_hashed_password, users.full_name AS users_full_name, users.role AS users_role, users.department_id AS users_department_id, users.is_active AS users_is_active 
FROM users 
WHERE users.username = %(username_1)s 
 LIMIT %(param_1)s
2026-02-20 14:15:37 - sqlalchemy.engine.Engine - INFO - [cached since 4.684s ago] {'username_1': 'coordinator', 'param_1': 1}
2026-02-20 14:15:37 - audit - INFO - {"timestamp": "2026-02-20T14:15:37.537156Z", "event_type": "LOGIN_FAILURE", "user_id": null, "username": "coordinator", "ip_address": "127.0.0.1", "user_agent": "python-httpx/0.25.2", "resource": "/api/auth/login", "action": "POST", "success": false, "details": {"reason": "Invalid credentials"}, "request_id": "3d000580-0a44-4cf1-b661-13b71e65c9c5"}
2026-02-20 14:15:37 - app.middleware.rate_limiter - INFO - AUTH FAIL: 127.0.0.1 - failed login attempt
2026-02-20 14:15:37 - sqlalchemy.engine.Engine - INFO - ROLLBACK
2026-02-20 14:15:37 - httpx - INFO - HTTP Request: POST http://test/api/auth/login "HTTP/1.1 401 Unauthorized"
------------------------------ Captured log setup ------------------------------
DEBUG    app.database:database.py:64 DB Pool: 1/5 in, 0 out, -4 overflow
INFO     sqlalchemy.engine.Engine:base.py:2710 BEGIN (implicit)
INFO     sqlalchemy.engine.Engine:base.py:1846 SELECT users.id AS users_id, users.email AS users_email, users.username AS users_username, users.hashed_password AS users_hashed_password, users.full_name AS users_full_name, users.role AS users_role, users.department_id AS users_department_id, users.is_active AS users_is_active 
FROM users 
WHERE users.username = %(username_1)s 
 LIMIT %(param_1)s
INFO     sqlalchemy.engine.Engine:base.py:1846 [cached since 4.684s ago] {'username_1': 'coordinator', 'param_1': 1}
INFO     audit:audit_logger.py:78 {"timestamp": "2026-02-20T14:15:37.537156Z", "event_type": "LOGIN_FAILURE", "user_id": null, "username": "coordinator", "ip_address": "127.0.0.1", "user_agent": "python-httpx/0.25.2", "resource": "/api/auth/login", "action": "POST", "success": false, "details": {"reason": "Invalid credentials"}, "request_id": "3d000580-0a44-4cf1-b661-13b71e65c9c5"}
INFO     app.middleware.rate_limiter:rate_limiter.py:73 AUTH FAIL: 127.0.0.1 - failed login attempt
INFO     sqlalchemy.engine.Engine:base.py:2713 ROLLBACK
INFO     httpx:_client.py:1729 HTTP Request: POST http://test/api/auth/login "HTTP/1.1 401 Unauthorized"
____ ERROR at setup of TestCoursesValidation.test_create_course_empty_name _____
/usr/local/lib/python3.11/site-packages/pytest_asyncio/plugin.py:326: in _async_fixture_wrapper
    return event_loop.run_until_complete(setup())
/usr/local/lib/python3.11/asyncio/base_events.py:654: in run_until_complete
    return future.result()
/usr/local/lib/python3.11/site-packages/pytest_asyncio/plugin.py:323: in setup
    res = await func(**_add_kwargs(func, kwargs, event_loop, request))
tests/conftest.py:177: in auth_token
    assert response.status_code == 200, (
E   AssertionError: Coordinator login failed: 401 {"detail":"Incorrect username or password"}
E   assert 401 == 200
E    +  where 401 = <Response [401 Unauthorized]>.status_code
---------------------------- Captured stdout setup -----------------------------
2026-02-20 14:15:37,696 INFO sqlalchemy.engine.Engine BEGIN (implicit)
2026-02-20 14:15:37,699 INFO sqlalchemy.engine.Engine SELECT users.id AS users_id, users.email AS users_email, users.username AS users_username, users.hashed_password AS users_hashed_password, users.full_name AS users_full_name, users.role AS users_role, users.department_id AS users_department_id, users.is_active AS users_is_active 
FROM users 
WHERE users.username = %(username_1)s 
 LIMIT %(param_1)s
2026-02-20 14:15:37,699 INFO sqlalchemy.engine.Engine [cached since 5.217s ago] {'username_1': 'coordinator', 'param_1': 1}
2026-02-20 14:15:38,158 INFO sqlalchemy.engine.Engine ROLLBACK
---------------------------- Captured stderr setup -----------------------------
2026-02-20 14:15:37 - app.database - DEBUG - DB Pool: 1/5 in, 0 out, -4 overflow
2026-02-20 14:15:37 - sqlalchemy.engine.Engine - INFO - BEGIN (implicit)
2026-02-20 14:15:37 - sqlalchemy.engine.Engine - INFO - SELECT users.id AS users_id, users.email AS users_email, users.username AS users_username, users.hashed_password AS users_hashed_password, users.full_name AS users_full_name, users.role AS users_role, users.department_id AS users_department_id, users.is_active AS users_is_active 
FROM users 
WHERE users.username = %(username_1)s 
 LIMIT %(param_1)s
2026-02-20 14:15:37 - sqlalchemy.engine.Engine - INFO - [cached since 5.217s ago] {'username_1': 'coordinator', 'param_1': 1}
2026-02-20 14:15:38 - audit - INFO - {"timestamp": "2026-02-20T14:15:38.148175Z", "event_type": "LOGIN_FAILURE", "user_id": null, "username": "coordinator", "ip_address": "127.0.0.1", "user_agent": "python-httpx/0.25.2", "resource": "/api/auth/login", "action": "POST", "success": false, "details": {"reason": "Invalid credentials"}, "request_id": "02b7be36-ac4e-494c-bd7f-60dabba1396b"}
2026-02-20 14:15:38 - app.middleware.rate_limiter - INFO - AUTH FAIL: 127.0.0.1 - failed login attempt
2026-02-20 14:15:38 - sqlalchemy.engine.Engine - INFO - ROLLBACK
2026-02-20 14:15:38 - httpx - INFO - HTTP Request: POST http://test/api/auth/login "HTTP/1.1 401 Unauthorized"
------------------------------ Captured log setup ------------------------------
DEBUG    app.database:database.py:64 DB Pool: 1/5 in, 0 out, -4 overflow
INFO     sqlalchemy.engine.Engine:base.py:2710 BEGIN (implicit)
INFO     sqlalchemy.engine.Engine:base.py:1846 SELECT users.id AS users_id, users.email AS users_email, users.username AS users_username, users.hashed_password AS users_hashed_password, users.full_name AS users_full_name, users.role AS users_role, users.department_id AS users_department_id, users.is_active AS users_is_active 
FROM users 
WHERE users.username = %(username_1)s 
 LIMIT %(param_1)s
INFO     sqlalchemy.engine.Engine:base.py:1846 [cached since 5.217s ago] {'username_1': 'coordinator', 'param_1': 1}
INFO     audit:audit_logger.py:78 {"timestamp": "2026-02-20T14:15:38.148175Z", "event_type": "LOGIN_FAILURE", "user_id": null, "username": "coordinator", "ip_address": "127.0.0.1", "user_agent": "python-httpx/0.25.2", "resource": "/api/auth/login", "action": "POST", "success": false, "details": {"reason": "Invalid credentials"}, "request_id": "02b7be36-ac4e-494c-bd7f-60dabba1396b"}
INFO     app.middleware.rate_limiter:rate_limiter.py:73 AUTH FAIL: 127.0.0.1 - failed login attempt
INFO     sqlalchemy.engine.Engine:base.py:2713 ROLLBACK
INFO     httpx:_client.py:1729 HTTP Request: POST http://test/api/auth/login "HTTP/1.1 401 Unauthorized"
_ ERROR at setup of TestCoursesValidation.test_create_course_invalid_department _
/usr/local/lib/python3.11/site-packages/pytest_asyncio/plugin.py:326: in _async_fixture_wrapper
    return event_loop.run_until_complete(setup())
/usr/local/lib/python3.11/asyncio/base_events.py:654: in run_until_complete
    return future.result()
/usr/local/lib/python3.11/site-packages/pytest_asyncio/plugin.py:323: in setup
    res = await func(**_add_kwargs(func, kwargs, event_loop, request))
tests/conftest.py:177: in auth_token
    assert response.status_code == 200, (
E   AssertionError: Coordinator login failed: 401 {"detail":"Incorrect username or password"}
E   assert 401 == 200
E    +  where 401 = <Response [401 Unauthorized]>.status_code
---------------------------- Captured stdout setup -----------------------------
2026-02-20 14:15:38,342 INFO sqlalchemy.engine.Engine BEGIN (implicit)
2026-02-20 14:15:38,343 INFO sqlalchemy.engine.Engine SELECT users.id AS users_id, users.email AS users_email, users.username AS users_username, users.hashed_password AS users_hashed_password, users.full_name AS users_full_name, users.role AS users_role, users.department_id AS users_department_id, users.is_active AS users_is_active 
FROM users 
WHERE users.username = %(username_1)s 
 LIMIT %(param_1)s
2026-02-20 14:15:38,343 INFO sqlalchemy.engine.Engine [cached since 5.861s ago] {'username_1': 'coordinator', 'param_1': 1}
2026-02-20 14:15:38,822 INFO sqlalchemy.engine.Engine ROLLBACK
---------------------------- Captured stderr setup -----------------------------
2026-02-20 14:15:38 - app.database - DEBUG - DB Pool: 1/5 in, 0 out, -4 overflow
2026-02-20 14:15:38 - sqlalchemy.engine.Engine - INFO - BEGIN (implicit)
2026-02-20 14:15:38 - sqlalchemy.engine.Engine - INFO - SELECT users.id AS users_id, users.email AS users_email, users.username AS users_username, users.hashed_password AS users_hashed_password, users.full_name AS users_full_name, users.role AS users_role, users.department_id AS users_department_id, users.is_active AS users_is_active 
FROM users 
WHERE users.username = %(username_1)s 
 LIMIT %(param_1)s
2026-02-20 14:15:38 - sqlalchemy.engine.Engine - INFO - [cached since 5.861s ago] {'username_1': 'coordinator', 'param_1': 1}
2026-02-20 14:15:38 - audit - INFO - {"timestamp": "2026-02-20T14:15:38.817132Z", "event_type": "LOGIN_FAILURE", "user_id": null, "username": "coordinator", "ip_address": "127.0.0.1", "user_agent": "python-httpx/0.25.2", "resource": "/api/auth/login", "action": "POST", "success": false, "details": {"reason": "Invalid credentials"}, "request_id": "aea78670-a37a-43e8-9b19-a5f52a4eb3b3"}
2026-02-20 14:15:38 - app.middleware.rate_limiter - INFO - AUTH FAIL: 127.0.0.1 - failed login attempt
2026-02-20 14:15:38 - sqlalchemy.engine.Engine - INFO - ROLLBACK
2026-02-20 14:15:38 - httpx - INFO - HTTP Request: POST http://test/api/auth/login "HTTP/1.1 401 Unauthorized"
------------------------------ Captured log setup ------------------------------
DEBUG    app.database:database.py:64 DB Pool: 1/5 in, 0 out, -4 overflow
INFO     sqlalchemy.engine.Engine:base.py:2710 BEGIN (implicit)
INFO     sqlalchemy.engine.Engine:base.py:1846 SELECT users.id AS users_id, users.email AS users_email, users.username AS users_username, users.hashed_password AS users_hashed_password, users.full_name AS users_full_name, users.role AS users_role, users.department_id AS users_department_id, users.is_active AS users_is_active 
FROM users 
WHERE users.username = %(username_1)s 
 LIMIT %(param_1)s
INFO     sqlalchemy.engine.Engine:base.py:1846 [cached since 5.861s ago] {'username_1': 'coordinator', 'param_1': 1}
INFO     audit:audit_logger.py:78 {"timestamp": "2026-02-20T14:15:38.817132Z", "event_type": "LOGIN_FAILURE", "user_id": null, "username": "coordinator", "ip_address": "127.0.0.1", "user_agent": "python-httpx/0.25.2", "resource": "/api/auth/login", "action": "POST", "success": false, "details": {"reason": "Invalid credentials"}, "request_id": "aea78670-a37a-43e8-9b19-a5f52a4eb3b3"}
INFO     app.middleware.rate_limiter:rate_limiter.py:73 AUTH FAIL: 127.0.0.1 - failed login attempt
INFO     sqlalchemy.engine.Engine:base.py:2713 ROLLBACK
INFO     httpx:_client.py:1729 HTTP Request: POST http://test/api/auth/login "HTTP/1.1 401 Unauthorized"
__ ERROR at setup of TestCoursesValidation.test_create_course_duplicate_code ___
/usr/local/lib/python3.11/site-packages/pytest_asyncio/plugin.py:326: in _async_fixture_wrapper
    return event_loop.run_until_complete(setup())
/usr/local/lib/python3.11/asyncio/base_events.py:654: in run_until_complete
    return future.result()
/usr/local/lib/python3.11/site-packages/pytest_asyncio/plugin.py:323: in setup
    res = await func(**_add_kwargs(func, kwargs, event_loop, request))
tests/conftest.py:177: in auth_token
    assert response.status_code == 200, (
E   AssertionError: Coordinator login failed: 401 {"detail":"Incorrect username or password"}
E   assert 401 == 200
E    +  where 401 = <Response [401 Unauthorized]>.status_code
---------------------------- Captured stdout setup -----------------------------
2026-02-20 14:15:39,001 INFO sqlalchemy.engine.Engine BEGIN (implicit)
2026-02-20 14:15:39,002 INFO sqlalchemy.engine.Engine SELECT users.id AS users_id, users.email AS users_email, users.username AS users_username, users.hashed_password AS users_hashed_password, users.full_name AS users_full_name, users.role AS users_role, users.department_id AS users_department_id, users.is_active AS users_is_active 
FROM users 
WHERE users.username = %(username_1)s 
 LIMIT %(param_1)s
2026-02-20 14:15:39,002 INFO sqlalchemy.engine.Engine [cached since 6.52s ago] {'username_1': 'coordinator', 'param_1': 1}
2026-02-20 14:15:39,609 INFO sqlalchemy.engine.Engine ROLLBACK
---------------------------- Captured stderr setup -----------------------------
2026-02-20 14:15:38 - app.database - DEBUG - DB Pool: 1/5 in, 0 out, -4 overflow
2026-02-20 14:15:39 - sqlalchemy.engine.Engine - INFO - BEGIN (implicit)
2026-02-20 14:15:39 - sqlalchemy.engine.Engine - INFO - SELECT users.id AS users_id, users.email AS users_email, users.username AS users_username, users.hashed_password AS users_hashed_password, users.full_name AS users_full_name, users.role AS users_role, users.department_id AS users_department_id, users.is_active AS users_is_active 
FROM users 
WHERE users.username = %(username_1)s 
 LIMIT %(param_1)s
2026-02-20 14:15:39 - sqlalchemy.engine.Engine - INFO - [cached since 6.52s ago] {'username_1': 'coordinator', 'param_1': 1}
2026-02-20 14:15:39 - audit - INFO - {"timestamp": "2026-02-20T14:15:39.601168Z", "event_type": "LOGIN_FAILURE", "user_id": null, "username": "coordinator", "ip_address": "127.0.0.1", "user_agent": "python-httpx/0.25.2", "resource": "/api/auth/login", "action": "POST", "success": false, "details": {"reason": "Invalid credentials"}, "request_id": "c77a7e9c-4b8c-4800-8df6-649dc7714dbe"}
2026-02-20 14:15:39 - app.middleware.rate_limiter - INFO - AUTH FAIL: 127.0.0.1 - failed login attempt
2026-02-20 14:15:39 - sqlalchemy.engine.Engine - INFO - ROLLBACK
2026-02-20 14:15:39 - httpx - INFO - HTTP Request: POST http://test/api/auth/login "HTTP/1.1 401 Unauthorized"
------------------------------ Captured log setup ------------------------------
DEBUG    app.database:database.py:64 DB Pool: 1/5 in, 0 out, -4 overflow
INFO     sqlalchemy.engine.Engine:base.py:2710 BEGIN (implicit)
INFO     sqlalchemy.engine.Engine:base.py:1846 SELECT users.id AS users_id, users.email AS users_email, users.username AS users_username, users.hashed_password AS users_hashed_password, users.full_name AS users_full_name, users.role AS users_role, users.department_id AS users_department_id, users.is_active AS users_is_active 
FROM users 
WHERE users.username = %(username_1)s 
 LIMIT %(param_1)s
INFO     sqlalchemy.engine.Engine:base.py:1846 [cached since 6.52s ago] {'username_1': 'coordinator', 'param_1': 1}
INFO     audit:audit_logger.py:78 {"timestamp": "2026-02-20T14:15:39.601168Z", "event_type": "LOGIN_FAILURE", "user_id": null, "username": "coordinator", "ip_address": "127.0.0.1", "user_agent": "python-httpx/0.25.2", "resource": "/api/auth/login", "action": "POST", "success": false, "details": {"reason": "Invalid credentials"}, "request_id": "c77a7e9c-4b8c-4800-8df6-649dc7714dbe"}
INFO     app.middleware.rate_limiter:rate_limiter.py:73 AUTH FAIL: 127.0.0.1 - failed login attempt
INFO     sqlalchemy.engine.Engine:base.py:2713 ROLLBACK
INFO     httpx:_client.py:1729 HTTP Request: POST http://test/api/auth/login "HTTP/1.1 401 Unauthorized"
_____ ERROR at setup of TestCoursesValidation.test_get_nonexistent_course ______
/usr/local/lib/python3.11/site-packages/pytest_asyncio/plugin.py:326: in _async_fixture_wrapper
    return event_loop.run_until_complete(setup())
/usr/local/lib/python3.11/asyncio/base_events.py:654: in run_until_complete
    return future.result()
/usr/local/lib/python3.11/site-packages/pytest_asyncio/plugin.py:323: in setup
    res = await func(**_add_kwargs(func, kwargs, event_loop, request))
tests/conftest.py:177: in auth_token
    assert response.status_code == 200, (
E   AssertionError: Coordinator login failed: 401 {"detail":"Incorrect username or password"}
E   assert 401 == 200
E    +  where 401 = <Response [401 Unauthorized]>.status_code
---------------------------- Captured stdout setup -----------------------------
2026-02-20 14:15:40,159 INFO sqlalchemy.engine.Engine BEGIN (implicit)
2026-02-20 14:15:40,160 INFO sqlalchemy.engine.Engine SELECT users.id AS users_id, users.email AS users_email, users.username AS users_username, users.hashed_password AS users_hashed_password, users.full_name AS users_full_name, users.role AS users_role, users.department_id AS users_department_id, users.is_active AS users_is_active 
FROM users 
WHERE users.username = %(username_1)s 
 LIMIT %(param_1)s
2026-02-20 14:15:40,160 INFO sqlalchemy.engine.Engine [cached since 7.678s ago] {'username_1': 'coordinator', 'param_1': 1}
2026-02-20 14:15:40,621 INFO sqlalchemy.engine.Engine ROLLBACK
---------------------------- Captured stderr setup -----------------------------
2026-02-20 14:15:40 - app.database - DEBUG - DB Pool: 1/5 in, 0 out, -4 overflow
2026-02-20 14:15:40 - sqlalchemy.engine.Engine - INFO - BEGIN (implicit)
2026-02-20 14:15:40 - sqlalchemy.engine.Engine - INFO - SELECT users.id AS users_id, users.email AS users_email, users.username AS users_username, users.hashed_password AS users_hashed_password, users.full_name AS users_full_name, users.role AS users_role, users.department_id AS users_department_id, users.is_active AS users_is_active 
FROM users 
WHERE users.username = %(username_1)s 
 LIMIT %(param_1)s
2026-02-20 14:15:40 - sqlalchemy.engine.Engine - INFO - [cached since 7.678s ago] {'username_1': 'coordinator', 'param_1': 1}
2026-02-20 14:15:40 - audit - INFO - {"timestamp": "2026-02-20T14:15:40.609565Z", "event_type": "LOGIN_FAILURE", "user_id": null, "username": "coordinator", "ip_address": "127.0.0.1", "user_agent": "python-httpx/0.25.2", "resource": "/api/auth/login", "action": "POST", "success": false, "details": {"reason": "Invalid credentials"}, "request_id": "b67411f4-eab9-4799-80d1-1be20a5864e9"}
2026-02-20 14:15:40 - app.middleware.rate_limiter - INFO - AUTH FAIL: 127.0.0.1 - failed login attempt
2026-02-20 14:15:40 - sqlalchemy.engine.Engine - INFO - ROLLBACK
2026-02-20 14:15:40 - httpx - INFO - HTTP Request: POST http://test/api/auth/login "HTTP/1.1 401 Unauthorized"
------------------------------ Captured log setup ------------------------------
DEBUG    app.database:database.py:64 DB Pool: 1/5 in, 0 out, -4 overflow
INFO     sqlalchemy.engine.Engine:base.py:2710 BEGIN (implicit)
INFO     sqlalchemy.engine.Engine:base.py:1846 SELECT users.id AS users_id, users.email AS users_email, users.username AS users_username, users.hashed_password AS users_hashed_password, users.full_name AS users_full_name, users.role AS users_role, users.department_id AS users_department_id, users.is_active AS users_is_active 
FROM users 
WHERE users.username = %(username_1)s 
 LIMIT %(param_1)s
INFO     sqlalchemy.engine.Engine:base.py:1846 [cached since 7.678s ago] {'username_1': 'coordinator', 'param_1': 1}
INFO     audit:audit_logger.py:78 {"timestamp": "2026-02-20T14:15:40.609565Z", "event_type": "LOGIN_FAILURE", "user_id": null, "username": "coordinator", "ip_address": "127.0.0.1", "user_agent": "python-httpx/0.25.2", "resource": "/api/auth/login", "action": "POST", "success": false, "details": {"reason": "Invalid credentials"}, "request_id": "b67411f4-eab9-4799-80d1-1be20a5864e9"}
INFO     app.middleware.rate_limiter:rate_limiter.py:73 AUTH FAIL: 127.0.0.1 - failed login attempt
INFO     sqlalchemy.engine.Engine:base.py:2713 ROLLBACK
INFO     httpx:_client.py:1729 HTTP Request: POST http://test/api/auth/login "HTTP/1.1 401 Unauthorized"
____ ERROR at setup of TestCoursesValidation.test_update_nonexistent_course ____
/usr/local/lib/python3.11/site-packages/pytest_asyncio/plugin.py:326: in _async_fixture_wrapper
    return event_loop.run_until_complete(setup())
/usr/local/lib/python3.11/asyncio/base_events.py:654: in run_until_complete
    return future.result()
/usr/local/lib/python3.11/site-packages/pytest_asyncio/plugin.py:323: in setup
    res = await func(**_add_kwargs(func, kwargs, event_loop, request))
tests/conftest.py:177: in auth_token
    assert response.status_code == 200, (
E   AssertionError: Coordinator login failed: 401 {"detail":"Incorrect username or password"}
E   assert 401 == 200
E    +  where 401 = <Response [401 Unauthorized]>.status_code
---------------------------- Captured stdout setup -----------------------------
2026-02-20 14:15:40,884 INFO sqlalchemy.engine.Engine BEGIN (implicit)
2026-02-20 14:15:40,888 INFO sqlalchemy.engine.Engine SELECT users.id AS users_id, users.email AS users_email, users.username AS users_username, users.hashed_password AS users_hashed_password, users.full_name AS users_full_name, users.role AS users_role, users.department_id AS users_department_id, users.is_active AS users_is_active 
FROM users 
WHERE users.username = %(username_1)s 
 LIMIT %(param_1)s
2026-02-20 14:15:40,889 INFO sqlalchemy.engine.Engine [cached since 8.406s ago] {'username_1': 'coordinator', 'param_1': 1}
2026-02-20 14:15:41,589 INFO sqlalchemy.engine.Engine ROLLBACK
---------------------------- Captured stderr setup -----------------------------
2026-02-20 14:15:40 - app.database - DEBUG - DB Pool: 1/5 in, 0 out, -4 overflow
2026-02-20 14:15:40 - sqlalchemy.engine.Engine - INFO - BEGIN (implicit)
2026-02-20 14:15:40 - sqlalchemy.engine.Engine - INFO - SELECT users.id AS users_id, users.email AS users_email, users.username AS users_username, users.hashed_password AS users_hashed_password, users.full_name AS users_full_name, users.role AS users_role, users.department_id AS users_department_id, users.is_active AS users_is_active 
FROM users 
WHERE users.username = %(username_1)s 
 LIMIT %(param_1)s
2026-02-20 14:15:40 - sqlalchemy.engine.Engine - INFO - [cached since 8.406s ago] {'username_1': 'coordinator', 'param_1': 1}
2026-02-20 14:15:41 - audit - INFO - {"timestamp": "2026-02-20T14:15:41.576961Z", "event_type": "LOGIN_FAILURE", "user_id": null, "username": "coordinator", "ip_address": "127.0.0.1", "user_agent": "python-httpx/0.25.2", "resource": "/api/auth/login", "action": "POST", "success": false, "details": {"reason": "Invalid credentials"}, "request_id": "6cb2bccb-5343-435a-8e47-c1e12fd1c7f3"}
2026-02-20 14:15:41 - app.middleware.rate_limiter - INFO - AUTH FAIL: 127.0.0.1 - failed login attempt
2026-02-20 14:15:41 - sqlalchemy.engine.Engine - INFO - ROLLBACK
2026-02-20 14:15:41 - httpx - INFO - HTTP Request: POST http://test/api/auth/login "HTTP/1.1 401 Unauthorized"
------------------------------ Captured log setup ------------------------------
DEBUG    app.database:database.py:64 DB Pool: 1/5 in, 0 out, -4 overflow
INFO     sqlalchemy.engine.Engine:base.py:2710 BEGIN (implicit)
INFO     sqlalchemy.engine.Engine:base.py:1846 SELECT users.id AS users_id, users.email AS users_email, users.username AS users_username, users.hashed_password AS users_hashed_password, users.full_name AS users_full_name, users.role AS users_role, users.department_id AS users_department_id, users.is_active AS users_is_active 
FROM users 
WHERE users.username = %(username_1)s 
 LIMIT %(param_1)s
INFO     sqlalchemy.engine.Engine:base.py:1846 [cached since 8.406s ago] {'username_1': 'coordinator', 'param_1': 1}
INFO     audit:audit_logger.py:78 {"timestamp": "2026-02-20T14:15:41.576961Z", "event_type": "LOGIN_FAILURE", "user_id": null, "username": "coordinator", "ip_address": "127.0.0.1", "user_agent": "python-httpx/0.25.2", "resource": "/api/auth/login", "action": "POST", "success": false, "details": {"reason": "Invalid credentials"}, "request_id": "6cb2bccb-5343-435a-8e47-c1e12fd1c7f3"}
INFO     app.middleware.rate_limiter:rate_limiter.py:73 AUTH FAIL: 127.0.0.1 - failed login attempt
INFO     sqlalchemy.engine.Engine:base.py:2713 ROLLBACK
INFO     httpx:_client.py:1729 HTTP Request: POST http://test/api/auth/login "HTTP/1.1 401 Unauthorized"
_______ ERROR at setup of TestCoursesValidation.test_create_course_valid _______
/usr/local/lib/python3.11/site-packages/pytest_asyncio/plugin.py:326: in _async_fixture_wrapper
    return event_loop.run_until_complete(setup())
/usr/local/lib/python3.11/asyncio/base_events.py:654: in run_until_complete
    return future.result()
/usr/local/lib/python3.11/site-packages/pytest_asyncio/plugin.py:323: in setup
    res = await func(**_add_kwargs(func, kwargs, event_loop, request))
tests/conftest.py:177: in auth_token
    assert response.status_code == 200, (
E   AssertionError: Coordinator login failed: 401 {"detail":"Incorrect username or password"}
E   assert 401 == 200
E    +  where 401 = <Response [401 Unauthorized]>.status_code
---------------------------- Captured stdout setup -----------------------------
2026-02-20 14:15:41,858 INFO sqlalchemy.engine.Engine BEGIN (implicit)
2026-02-20 14:15:41,860 INFO sqlalchemy.engine.Engine SELECT users.id AS users_id, users.email AS users_email, users.username AS users_username, users.hashed_password AS users_hashed_password, users.full_name AS users_full_name, users.role AS users_role, users.department_id AS users_department_id, users.is_active AS users_is_active 
FROM users 
WHERE users.username = %(username_1)s 
 LIMIT %(param_1)s
2026-02-20 14:15:41,860 INFO sqlalchemy.engine.Engine [cached since 9.378s ago] {'username_1': 'coordinator', 'param_1': 1}
2026-02-20 14:15:42,439 INFO sqlalchemy.engine.Engine ROLLBACK
---------------------------- Captured stderr setup -----------------------------
2026-02-20 14:15:41 - app.database - DEBUG - DB Pool: 1/5 in, 0 out, -4 overflow
2026-02-20 14:15:41 - sqlalchemy.engine.Engine - INFO - BEGIN (implicit)
2026-02-20 14:15:41 - sqlalchemy.engine.Engine - INFO - SELECT users.id AS users_id, users.email AS users_email, users.username AS users_username, users.hashed_password AS users_hashed_password, users.full_name AS users_full_name, users.role AS users_role, users.department_id AS users_department_id, users.is_active AS users_is_active 
FROM users 
WHERE users.username = %(username_1)s 
 LIMIT %(param_1)s
2026-02-20 14:15:41 - sqlalchemy.engine.Engine - INFO - [cached since 9.378s ago] {'username_1': 'coordinator', 'param_1': 1}
2026-02-20 14:15:42 - audit - INFO - {"timestamp": "2026-02-20T14:15:42.426935Z", "event_type": "LOGIN_FAILURE", "user_id": null, "username": "coordinator", "ip_address": "127.0.0.1", "user_agent": "python-httpx/0.25.2", "resource": "/api/auth/login", "action": "POST", "success": false, "details": {"reason": "Invalid credentials"}, "request_id": "61b1d63d-9ac5-4ff4-b823-ddc8f58a7e21"}
2026-02-20 14:15:42 - app.middleware.rate_limiter - INFO - AUTH FAIL: 127.0.0.1 - failed login attempt
2026-02-20 14:15:42 - sqlalchemy.engine.Engine - INFO - ROLLBACK
2026-02-20 14:15:42 - httpx - INFO - HTTP Request: POST http://test/api/auth/login "HTTP/1.1 401 Unauthorized"
------------------------------ Captured log setup ------------------------------
DEBUG    app.database:database.py:64 DB Pool: 1/5 in, 0 out, -4 overflow
INFO     sqlalchemy.engine.Engine:base.py:2710 BEGIN (implicit)
INFO     sqlalchemy.engine.Engine:base.py:1846 SELECT users.id AS users_id, users.email AS users_email, users.username AS users_username, users.hashed_password AS users_hashed_password, users.full_name AS users_full_name, users.role AS users_role, users.department_id AS users_department_id, users.is_active AS users_is_active 
FROM users 
WHERE users.username = %(username_1)s 
 LIMIT %(param_1)s
INFO     sqlalchemy.engine.Engine:base.py:1846 [cached since 9.378s ago] {'username_1': 'coordinator', 'param_1': 1}
INFO     audit:audit_logger.py:78 {"timestamp": "2026-02-20T14:15:42.426935Z", "event_type": "LOGIN_FAILURE", "user_id": null, "username": "coordinator", "ip_address": "127.0.0.1", "user_agent": "python-httpx/0.25.2", "resource": "/api/auth/login", "action": "POST", "success": false, "details": {"reason": "Invalid credentials"}, "request_id": "61b1d63d-9ac5-4ff4-b823-ddc8f58a7e21"}
INFO     app.middleware.rate_limiter:rate_limiter.py:73 AUTH FAIL: 127.0.0.1 - failed login attempt
INFO     sqlalchemy.engine.Engine:base.py:2713 ROLLBACK
INFO     httpx:_client.py:1729 HTTP Request: POST http://test/api/auth/login "HTTP/1.1 401 Unauthorized"
_______ ERROR at setup of TestCoursesValidation.test_update_course_valid _______
/usr/local/lib/python3.11/site-packages/pytest_asyncio/plugin.py:326: in _async_fixture_wrapper
    return event_loop.run_until_complete(setup())
/usr/local/lib/python3.11/asyncio/base_events.py:654: in run_until_complete
    return future.result()
/usr/local/lib/python3.11/site-packages/pytest_asyncio/plugin.py:323: in setup
    res = await func(**_add_kwargs(func, kwargs, event_loop, request))
tests/conftest.py:177: in auth_token
    assert response.status_code == 200, (
E   AssertionError: Coordinator login failed: 401 {"detail":"Incorrect username or password"}
E   assert 401 == 200
E    +  where 401 = <Response [401 Unauthorized]>.status_code
---------------------------- Captured stdout setup -----------------------------
2026-02-20 14:15:42,634 INFO sqlalchemy.engine.Engine BEGIN (implicit)
2026-02-20 14:15:42,635 INFO sqlalchemy.engine.Engine SELECT users.id AS users_id, users.email AS users_email, users.username AS users_username, users.hashed_password AS users_hashed_password, users.full_name AS users_full_name, users.role AS users_role, users.department_id AS users_department_id, users.is_active AS users_is_active 
FROM users 
WHERE users.username = %(username_1)s 
 LIMIT %(param_1)s
2026-02-20 14:15:42,636 INFO sqlalchemy.engine.Engine [cached since 10.15s ago] {'username_1': 'coordinator', 'param_1': 1}
2026-02-20 14:15:43,291 INFO sqlalchemy.engine.Engine ROLLBACK
---------------------------- Captured stderr setup -----------------------------
2026-02-20 14:15:42 - app.database - DEBUG - DB Pool: 1/5 in, 0 out, -4 overflow
2026-02-20 14:15:42 - sqlalchemy.engine.Engine - INFO - BEGIN (implicit)
2026-02-20 14:15:42 - sqlalchemy.engine.Engine - INFO - SELECT users.id AS users_id, users.email AS users_email, users.username AS users_username, users.hashed_password AS users_hashed_password, users.full_name AS users_full_name, users.role AS users_role, users.department_id AS users_department_id, users.is_active AS users_is_active 
FROM users 
WHERE users.username = %(username_1)s 
 LIMIT %(param_1)s
2026-02-20 14:15:42 - sqlalchemy.engine.Engine - INFO - [cached since 10.15s ago] {'username_1': 'coordinator', 'param_1': 1}
2026-02-20 14:15:43 - audit - INFO - {"timestamp": "2026-02-20T14:15:43.209454Z", "event_type": "LOGIN_FAILURE", "user_id": null, "username": "coordinator", "ip_address": "127.0.0.1", "user_agent": "python-httpx/0.25.2", "resource": "/api/auth/login", "action": "POST", "success": false, "details": {"reason": "Invalid credentials"}, "request_id": "7ea95f5c-2999-4bbb-875b-5bed2aafacf3"}
2026-02-20 14:15:43 - app.middleware.rate_limiter - INFO - AUTH FAIL: 127.0.0.1 - failed login attempt
2026-02-20 14:15:43 - sqlalchemy.engine.Engine - INFO - ROLLBACK
2026-02-20 14:15:43 - httpx - INFO - HTTP Request: POST http://test/api/auth/login "HTTP/1.1 401 Unauthorized"
------------------------------ Captured log setup ------------------------------
DEBUG    app.database:database.py:64 DB Pool: 1/5 in, 0 out, -4 overflow
INFO     sqlalchemy.engine.Engine:base.py:2710 BEGIN (implicit)
INFO     sqlalchemy.engine.Engine:base.py:1846 SELECT users.id AS users_id, users.email AS users_email, users.username AS users_username, users.hashed_password AS users_hashed_password, users.full_name AS users_full_name, users.role AS users_role, users.department_id AS users_department_id, users.is_active AS users_is_active 
FROM users 
WHERE users.username = %(username_1)s 
 LIMIT %(param_1)s
INFO     sqlalchemy.engine.Engine:base.py:1846 [cached since 10.15s ago] {'username_1': 'coordinator', 'param_1': 1}
INFO     audit:audit_logger.py:78 {"timestamp": "2026-02-20T14:15:43.209454Z", "event_type": "LOGIN_FAILURE", "user_id": null, "username": "coordinator", "ip_address": "127.0.0.1", "user_agent": "python-httpx/0.25.2", "resource": "/api/auth/login", "action": "POST", "success": false, "details": {"reason": "Invalid credentials"}, "request_id": "7ea95f5c-2999-4bbb-875b-5bed2aafacf3"}
INFO     app.middleware.rate_limiter:rate_limiter.py:73 AUTH FAIL: 127.0.0.1 - failed login attempt
INFO     sqlalchemy.engine.Engine:base.py:2713 ROLLBACK
INFO     httpx:_client.py:1729 HTTP Request: POST http://test/api/auth/login "HTTP/1.1 401 Unauthorized"
_ ERROR at setup of TestLecturersValidation.test_create_lecturer_invalid_email _
/usr/local/lib/python3.11/site-packages/pytest_asyncio/plugin.py:326: in _async_fixture_wrapper
    return event_loop.run_until_complete(setup())
/usr/local/lib/python3.11/asyncio/base_events.py:654: in run_until_complete
    return future.result()
/usr/local/lib/python3.11/site-packages/pytest_asyncio/plugin.py:323: in setup
    res = await func(**_add_kwargs(func, kwargs, event_loop, request))
tests/conftest.py:177: in auth_token
    assert response.status_code == 200, (
E   AssertionError: Coordinator login failed: 401 {"detail":"Incorrect username or password"}
E   assert 401 == 200
E    +  where 401 = <Response [401 Unauthorized]>.status_code
---------------------------- Captured stdout setup -----------------------------
2026-02-20 14:15:43,636 INFO sqlalchemy.engine.Engine BEGIN (implicit)
2026-02-20 14:15:43,637 INFO sqlalchemy.engine.Engine SELECT users.id AS users_id, users.email AS users_email, users.username AS users_username, users.hashed_password AS users_hashed_password, users.full_name AS users_full_name, users.role AS users_role, users.department_id AS users_department_id, users.is_active AS users_is_active 
FROM users 
WHERE users.username = %(username_1)s 
 LIMIT %(param_1)s
2026-02-20 14:15:43,637 INFO sqlalchemy.engine.Engine [cached since 11.16s ago] {'username_1': 'coordinator', 'param_1': 1}
2026-02-20 14:15:44,119 INFO sqlalchemy.engine.Engine ROLLBACK
---------------------------- Captured stderr setup -----------------------------
2026-02-20 14:15:43 - app.database - DEBUG - DB Pool: 1/5 in, 0 out, -4 overflow
2026-02-20 14:15:43 - sqlalchemy.engine.Engine - INFO - BEGIN (implicit)
2026-02-20 14:15:43 - sqlalchemy.engine.Engine - INFO - SELECT users.id AS users_id, users.email AS users_email, users.username AS users_username, users.hashed_password AS users_hashed_password, users.full_name AS users_full_name, users.role AS users_role, users.department_id AS users_department_id, users.is_active AS users_is_active 
FROM users 
WHERE users.username = %(username_1)s 
 LIMIT %(param_1)s
2026-02-20 14:15:43 - sqlalchemy.engine.Engine - INFO - [cached since 11.16s ago] {'username_1': 'coordinator', 'param_1': 1}
2026-02-20 14:15:44 - audit - INFO - {"timestamp": "2026-02-20T14:15:44.107968Z", "event_type": "LOGIN_FAILURE", "user_id": null, "username": "coordinator", "ip_address": "127.0.0.1", "user_agent": "python-httpx/0.25.2", "resource": "/api/auth/login", "action": "POST", "success": false, "details": {"reason": "Invalid credentials"}, "request_id": "78f67fe4-0c1d-4652-9810-70b66b665e3f"}
2026-02-20 14:15:44 - app.middleware.rate_limiter - INFO - AUTH FAIL: 127.0.0.1 - failed login attempt
2026-02-20 14:15:44 - sqlalchemy.engine.Engine - INFO - ROLLBACK
2026-02-20 14:15:44 - httpx - INFO - HTTP Request: POST http://test/api/auth/login "HTTP/1.1 401 Unauthorized"
------------------------------ Captured log setup ------------------------------
DEBUG    app.database:database.py:64 DB Pool: 1/5 in, 0 out, -4 overflow
INFO     sqlalchemy.engine.Engine:base.py:2710 BEGIN (implicit)
INFO     sqlalchemy.engine.Engine:base.py:1846 SELECT users.id AS users_id, users.email AS users_email, users.username AS users_username, users.hashed_password AS users_hashed_password, users.full_name AS users_full_name, users.role AS users_role, users.department_id AS users_department_id, users.is_active AS users_is_active 
FROM users 
WHERE users.username = %(username_1)s 
 LIMIT %(param_1)s
INFO     sqlalchemy.engine.Engine:base.py:1846 [cached since 11.16s ago] {'username_1': 'coordinator', 'param_1': 1}
INFO     audit:audit_logger.py:78 {"timestamp": "2026-02-20T14:15:44.107968Z", "event_type": "LOGIN_FAILURE", "user_id": null, "username": "coordinator", "ip_address": "127.0.0.1", "user_agent": "python-httpx/0.25.2", "resource": "/api/auth/login", "action": "POST", "success": false, "details": {"reason": "Invalid credentials"}, "request_id": "78f67fe4-0c1d-4652-9810-70b66b665e3f"}
INFO     app.middleware.rate_limiter:rate_limiter.py:73 AUTH FAIL: 127.0.0.1 - failed login attempt
INFO     sqlalchemy.engine.Engine:base.py:2713 ROLLBACK
INFO     httpx:_client.py:1729 HTTP Request: POST http://test/api/auth/login "HTTP/1.1 401 Unauthorized"
_ ERROR at setup of TestLecturersValidation.test_create_lecturer_invalid_max_hours_high _
/usr/local/lib/python3.11/site-packages/pytest_asyncio/plugin.py:326: in _async_fixture_wrapper
    return event_loop.run_until_complete(setup())
/usr/local/lib/python3.11/asyncio/base_events.py:654: in run_until_complete
    return future.result()
/usr/local/lib/python3.11/site-packages/pytest_asyncio/plugin.py:323: in setup
    res = await func(**_add_kwargs(func, kwargs, event_loop, request))
tests/conftest.py:177: in auth_token
    assert response.status_code == 200, (
E   AssertionError: Coordinator login failed: 401 {"detail":"Incorrect username or password"}
E   assert 401 == 200
E    +  where 401 = <Response [401 Unauthorized]>.status_code
---------------------------- Captured stdout setup -----------------------------
2026-02-20 14:15:44,604 INFO sqlalchemy.engine.Engine BEGIN (implicit)
2026-02-20 14:15:44,605 INFO sqlalchemy.engine.Engine SELECT users.id AS users_id, users.email AS users_email, users.username AS users_username, users.hashed_password AS users_hashed_password, users.full_name AS users_full_name, users.role AS users_role, users.department_id AS users_department_id, users.is_active AS users_is_active 
FROM users 
WHERE users.username = %(username_1)s 
 LIMIT %(param_1)s
2026-02-20 14:15:44,605 INFO sqlalchemy.engine.Engine [cached since 12.13s ago] {'username_1': 'coordinator', 'param_1': 1}
2026-02-20 14:15:45,054 INFO sqlalchemy.engine.Engine ROLLBACK
---------------------------- Captured stderr setup -----------------------------
2026-02-20 14:15:44 - app.database - DEBUG - DB Pool: 1/5 in, 0 out, -4 overflow
2026-02-20 14:15:44 - sqlalchemy.engine.Engine - INFO - BEGIN (implicit)
2026-02-20 14:15:44 - sqlalchemy.engine.Engine - INFO - SELECT users.id AS users_id, users.email AS users_email, users.username AS users_username, users.hashed_password AS users_hashed_password, users.full_name AS users_full_name, users.role AS users_role, users.department_id AS users_department_id, users.is_active AS users_is_active 
FROM users 
WHERE users.username = %(username_1)s 
 LIMIT %(param_1)s
2026-02-20 14:15:44 - sqlalchemy.engine.Engine - INFO - [cached since 12.13s ago] {'username_1': 'coordinator', 'param_1': 1}
2026-02-20 14:15:45 - audit - INFO - {"timestamp": "2026-02-20T14:15:45.046079Z", "event_type": "LOGIN_FAILURE", "user_id": null, "username": "coordinator", "ip_address": "127.0.0.1", "user_agent": "python-httpx/0.25.2", "resource": "/api/auth/login", "action": "POST", "success": false, "details": {"reason": "Invalid credentials"}, "request_id": "5b234e39-c1cf-43e2-87c2-6d2fcdba3673"}
2026-02-20 14:15:45 - app.middleware.rate_limiter - INFO - AUTH FAIL: 127.0.0.1 - failed login attempt
2026-02-20 14:15:45 - sqlalchemy.engine.Engine - INFO - ROLLBACK
2026-02-20 14:15:45 - httpx - INFO - HTTP Request: POST http://test/api/auth/login "HTTP/1.1 401 Unauthorized"
------------------------------ Captured log setup ------------------------------
DEBUG    app.database:database.py:64 DB Pool: 1/5 in, 0 out, -4 overflow
INFO     sqlalchemy.engine.Engine:base.py:2710 BEGIN (implicit)
INFO     sqlalchemy.engine.Engine:base.py:1846 SELECT users.id AS users_id, users.email AS users_email, users.username AS users_username, users.hashed_password AS users_hashed_password, users.full_name AS users_full_name, users.role AS users_role, users.department_id AS users_department_id, users.is_active AS users_is_active 
FROM users 
WHERE users.username = %(username_1)s 
 LIMIT %(param_1)s
INFO     sqlalchemy.engine.Engine:base.py:1846 [cached since 12.13s ago] {'username_1': 'coordinator', 'param_1': 1}
INFO     audit:audit_logger.py:78 {"timestamp": "2026-02-20T14:15:45.046079Z", "event_type": "LOGIN_FAILURE", "user_id": null, "username": "coordinator", "ip_address": "127.0.0.1", "user_agent": "python-httpx/0.25.2", "resource": "/api/auth/login", "action": "POST", "success": false, "details": {"reason": "Invalid credentials"}, "request_id": "5b234e39-c1cf-43e2-87c2-6d2fcdba3673"}
INFO     app.middleware.rate_limiter:rate_limiter.py:73 AUTH FAIL: 127.0.0.1 - failed login attempt
INFO     sqlalchemy.engine.Engine:base.py:2713 ROLLBACK
INFO     httpx:_client.py:1729 HTTP Request: POST http://test/api/auth/login "HTTP/1.1 401 Unauthorized"
_ ERROR at setup of TestLecturersValidation.test_create_lecturer_invalid_max_hours_zero _
/usr/local/lib/python3.11/site-packages/pytest_asyncio/plugin.py:326: in _async_fixture_wrapper
    return event_loop.run_until_complete(setup())
/usr/local/lib/python3.11/asyncio/base_events.py:654: in run_until_complete
    return future.result()
/usr/local/lib/python3.11/site-packages/pytest_asyncio/plugin.py:323: in setup
    res = await func(**_add_kwargs(func, kwargs, event_loop, request))
tests/conftest.py:177: in auth_token
    assert response.status_code == 200, (
E   AssertionError: Coordinator login failed: 401 {"detail":"Incorrect username or password"}
E   assert 401 == 200
E    +  where 401 = <Response [401 Unauthorized]>.status_code
---------------------------- Captured stdout setup -----------------------------
2026-02-20 14:15:45,249 INFO sqlalchemy.engine.Engine BEGIN (implicit)
2026-02-20 14:15:45,251 INFO sqlalchemy.engine.Engine SELECT users.id AS users_id, users.email AS users_email, users.username AS users_username, users.hashed_password AS users_hashed_password, users.full_name AS users_full_name, users.role AS users_role, users.department_id AS users_department_id, users.is_active AS users_is_active 
FROM users 
WHERE users.username = %(username_1)s 
 LIMIT %(param_1)s
2026-02-20 14:15:45,251 INFO sqlalchemy.engine.Engine [cached since 12.77s ago] {'username_1': 'coordinator', 'param_1': 1}
2026-02-20 14:15:45,856 INFO sqlalchemy.engine.Engine ROLLBACK
---------------------------- Captured stderr setup -----------------------------
2026-02-20 14:15:45 - app.database - DEBUG - DB Pool: 1/5 in, 0 out, -4 overflow
2026-02-20 14:15:45 - sqlalchemy.engine.Engine - INFO - BEGIN (implicit)
2026-02-20 14:15:45 - sqlalchemy.engine.Engine - INFO - SELECT users.id AS users_id, users.email AS users_email, users.username AS users_username, users.hashed_password AS users_hashed_password, users.full_name AS users_full_name, users.role AS users_role, users.department_id AS users_department_id, users.is_active AS users_is_active 
FROM users 
WHERE users.username = %(username_1)s 
 LIMIT %(param_1)s
2026-02-20 14:15:45 - sqlalchemy.engine.Engine - INFO - [cached since 12.77s ago] {'username_1': 'coordinator', 'param_1': 1}
2026-02-20 14:15:45 - audit - INFO - {"timestamp": "2026-02-20T14:15:45.710080Z", "event_type": "LOGIN_FAILURE", "user_id": null, "username": "coordinator", "ip_address": "127.0.0.1", "user_agent": "python-httpx/0.25.2", "resource": "/api/auth/login", "action": "POST", "success": false, "details": {"reason": "Invalid credentials"}, "request_id": "210204a1-84b8-4a0a-a07c-38055c4ac4e5"}
2026-02-20 14:15:45 - app.middleware.rate_limiter - INFO - AUTH FAIL: 127.0.0.1 - failed login attempt
2026-02-20 14:15:45 - sqlalchemy.engine.Engine - INFO - ROLLBACK
2026-02-20 14:15:45 - httpx - INFO - HTTP Request: POST http://test/api/auth/login "HTTP/1.1 401 Unauthorized"
------------------------------ Captured log setup ------------------------------
DEBUG    app.database:database.py:64 DB Pool: 1/5 in, 0 out, -4 overflow
INFO     sqlalchemy.engine.Engine:base.py:2710 BEGIN (implicit)
INFO     sqlalchemy.engine.Engine:base.py:1846 SELECT users.id AS users_id, users.email AS users_email, users.username AS users_username, users.hashed_password AS users_hashed_password, users.full_name AS users_full_name, users.role AS users_role, users.department_id AS users_department_id, users.is_active AS users_is_active 
FROM users 
WHERE users.username = %(username_1)s 
 LIMIT %(param_1)s
INFO     sqlalchemy.engine.Engine:base.py:1846 [cached since 12.77s ago] {'username_1': 'coordinator', 'param_1': 1}
INFO     audit:audit_logger.py:78 {"timestamp": "2026-02-20T14:15:45.710080Z", "event_type": "LOGIN_FAILURE", "user_id": null, "username": "coordinator", "ip_address": "127.0.0.1", "user_agent": "python-httpx/0.25.2", "resource": "/api/auth/login", "action": "POST", "success": false, "details": {"reason": "Invalid credentials"}, "request_id": "210204a1-84b8-4a0a-a07c-38055c4ac4e5"}
INFO     app.middleware.rate_limiter:rate_limiter.py:73 AUTH FAIL: 127.0.0.1 - failed login attempt
INFO     sqlalchemy.engine.Engine:base.py:2713 ROLLBACK
INFO     httpx:_client.py:1729 HTTP Request: POST http://test/api/auth/login "HTTP/1.1 401 Unauthorized"
_ ERROR at setup of TestLecturersValidation.test_create_lecturer_empty_staff_number _
/usr/local/lib/python3.11/site-packages/pytest_asyncio/plugin.py:326: in _async_fixture_wrapper
    return event_loop.run_until_complete(setup())
/usr/local/lib/python3.11/asyncio/base_events.py:654: in run_until_complete
    return future.result()
/usr/local/lib/python3.11/site-packages/pytest_asyncio/plugin.py:323: in setup
    res = await func(**_add_kwargs(func, kwargs, event_loop, request))
tests/conftest.py:177: in auth_token
    assert response.status_code == 200, (
E   AssertionError: Coordinator login failed: 401 {"detail":"Incorrect username or password"}
E   assert 401 == 200
E    +  where 401 = <Response [401 Unauthorized]>.status_code
---------------------------- Captured stdout setup -----------------------------
2026-02-20 14:15:46,102 INFO sqlalchemy.engine.Engine BEGIN (implicit)
2026-02-20 14:15:46,104 INFO sqlalchemy.engine.Engine SELECT users.id AS users_id, users.email AS users_email, users.username AS users_username, users.hashed_password AS users_hashed_password, users.full_name AS users_full_name, users.role AS users_role, users.department_id AS users_department_id, users.is_active AS users_is_active 
FROM users 
WHERE users.username = %(username_1)s 
 LIMIT %(param_1)s
2026-02-20 14:15:46,104 INFO sqlalchemy.engine.Engine [cached since 13.62s ago] {'username_1': 'coordinator', 'param_1': 1}
2026-02-20 14:15:46,571 INFO sqlalchemy.engine.Engine ROLLBACK
---------------------------- Captured stderr setup -----------------------------
2026-02-20 14:15:46 - app.database - DEBUG - DB Pool: 1/5 in, 0 out, -4 overflow
2026-02-20 14:15:46 - sqlalchemy.engine.Engine - INFO - BEGIN (implicit)
2026-02-20 14:15:46 - sqlalchemy.engine.Engine - INFO - SELECT users.id AS users_id, users.email AS users_email, users.username AS users_username, users.hashed_password AS users_hashed_password, users.full_name AS users_full_name, users.role AS users_role, users.department_id AS users_department_id, users.is_active AS users_is_active 
FROM users 
WHERE users.username = %(username_1)s 
 LIMIT %(param_1)s
2026-02-20 14:15:46 - sqlalchemy.engine.Engine - INFO - [cached since 13.62s ago] {'username_1': 'coordinator', 'param_1': 1}
2026-02-20 14:15:46 - audit - INFO - {"timestamp": "2026-02-20T14:15:46.556853Z", "event_type": "LOGIN_FAILURE", "user_id": null, "username": "coordinator", "ip_address": "127.0.0.1", "user_agent": "python-httpx/0.25.2", "resource": "/api/auth/login", "action": "POST", "success": false, "details": {"reason": "Invalid credentials"}, "request_id": "4f56e394-2d91-4827-bf06-734b3d4c22fa"}
2026-02-20 14:15:46 - app.middleware.rate_limiter - INFO - AUTH FAIL: 127.0.0.1 - failed login attempt
2026-02-20 14:15:46 - sqlalchemy.engine.Engine - INFO - ROLLBACK
2026-02-20 14:15:46 - httpx - INFO - HTTP Request: POST http://test/api/auth/login "HTTP/1.1 401 Unauthorized"
------------------------------ Captured log setup ------------------------------
DEBUG    app.database:database.py:64 DB Pool: 1/5 in, 0 out, -4 overflow
INFO     sqlalchemy.engine.Engine:base.py:2710 BEGIN (implicit)
INFO     sqlalchemy.engine.Engine:base.py:1846 SELECT users.id AS users_id, users.email AS users_email, users.username AS users_username, users.hashed_password AS users_hashed_password, users.full_name AS users_full_name, users.role AS users_role, users.department_id AS users_department_id, users.is_active AS users_is_active 
FROM users 
WHERE users.username = %(username_1)s 
 LIMIT %(param_1)s
INFO     sqlalchemy.engine.Engine:base.py:1846 [cached since 13.62s ago] {'username_1': 'coordinator', 'param_1': 1}
INFO     audit:audit_logger.py:78 {"timestamp": "2026-02-20T14:15:46.556853Z", "event_type": "LOGIN_FAILURE", "user_id": null, "username": "coordinator", "ip_address": "127.0.0.1", "user_agent": "python-httpx/0.25.2", "resource": "/api/auth/login", "action": "POST", "success": false, "details": {"reason": "Invalid credentials"}, "request_id": "4f56e394-2d91-4827-bf06-734b3d4c22fa"}
INFO     app.middleware.rate_limiter:rate_limiter.py:73 AUTH FAIL: 127.0.0.1 - failed login attempt
INFO     sqlalchemy.engine.Engine:base.py:2713 ROLLBACK
INFO     httpx:_client.py:1729 HTTP Request: POST http://test/api/auth/login "HTTP/1.1 401 Unauthorized"
_ ERROR at setup of TestLecturersValidation.test_create_lecturer_empty_full_name _
/usr/local/lib/python3.11/site-packages/pytest_asyncio/plugin.py:326: in _async_fixture_wrapper
    return event_loop.run_until_complete(setup())
/usr/local/lib/python3.11/asyncio/base_events.py:654: in run_until_complete
    return future.result()
/usr/local/lib/python3.11/site-packages/pytest_asyncio/plugin.py:323: in setup
    res = await func(**_add_kwargs(func, kwargs, event_loop, request))
tests/conftest.py:177: in auth_token
    assert response.status_code == 200, (
E   AssertionError: Coordinator login failed: 401 {"detail":"Incorrect username or password"}
E   assert 401 == 200
E    +  where 401 = <Response [401 Unauthorized]>.status_code
---------------------------- Captured stdout setup -----------------------------
2026-02-20 14:15:46,817 INFO sqlalchemy.engine.Engine BEGIN (implicit)
2026-02-20 14:15:46,818 INFO sqlalchemy.engine.Engine SELECT users.id AS users_id, users.email AS users_email, users.username AS users_username, users.hashed_password AS users_hashed_password, users.full_name AS users_full_name, users.role AS users_role, users.department_id AS users_department_id, users.is_active AS users_is_active 
FROM users 
WHERE users.username = %(username_1)s 
 LIMIT %(param_1)s
2026-02-20 14:15:46,819 INFO sqlalchemy.engine.Engine [cached since 14.34s ago] {'username_1': 'coordinator', 'param_1': 1}
2026-02-20 14:15:47,286 INFO sqlalchemy.engine.Engine ROLLBACK
---------------------------- Captured stderr setup -----------------------------
2026-02-20 14:15:46 - app.database - DEBUG - DB Pool: 1/5 in, 0 out, -4 overflow
2026-02-20 14:15:46 - sqlalchemy.engine.Engine - INFO - BEGIN (implicit)
2026-02-20 14:15:46 - sqlalchemy.engine.Engine - INFO - SELECT users.id AS users_id, users.email AS users_email, users.username AS users_username, users.hashed_password AS users_hashed_password, users.full_name AS users_full_name, users.role AS users_role, users.department_id AS users_department_id, users.is_active AS users_is_active 
FROM users 
WHERE users.username = %(username_1)s 
 LIMIT %(param_1)s
2026-02-20 14:15:46 - sqlalchemy.engine.Engine - INFO - [cached since 14.34s ago] {'username_1': 'coordinator', 'param_1': 1}
2026-02-20 14:15:47 - audit - INFO - {"timestamp": "2026-02-20T14:15:47.275253Z", "event_type": "LOGIN_FAILURE", "user_id": null, "username": "coordinator", "ip_address": "127.0.0.1", "user_agent": "python-httpx/0.25.2", "resource": "/api/auth/login", "action": "POST", "success": false, "details": {"reason": "Invalid credentials"}, "request_id": "e3de7a57-43d6-4542-b527-bcb6bef323e7"}
2026-02-20 14:15:47 - app.middleware.rate_limiter - INFO - AUTH FAIL: 127.0.0.1 - failed login attempt
2026-02-20 14:15:47 - sqlalchemy.engine.Engine - INFO - ROLLBACK
2026-02-20 14:15:47 - httpx - INFO - HTTP Request: POST http://test/api/auth/login "HTTP/1.1 401 Unauthorized"
------------------------------ Captured log setup ------------------------------
DEBUG    app.database:database.py:64 DB Pool: 1/5 in, 0 out, -4 overflow
INFO     sqlalchemy.engine.Engine:base.py:2710 BEGIN (implicit)
INFO     sqlalchemy.engine.Engine:base.py:1846 SELECT users.id AS users_id, users.email AS users_email, users.username AS users_username, users.hashed_password AS users_hashed_password, users.full_name AS users_full_name, users.role AS users_role, users.department_id AS users_department_id, users.is_active AS users_is_active 
FROM users 
WHERE users.username = %(username_1)s 
 LIMIT %(param_1)s
INFO     sqlalchemy.engine.Engine:base.py:1846 [cached since 14.34s ago] {'username_1': 'coordinator', 'param_1': 1}
INFO     audit:audit_logger.py:78 {"timestamp": "2026-02-20T14:15:47.275253Z", "event_type": "LOGIN_FAILURE", "user_id": null, "username": "coordinator", "ip_address": "127.0.0.1", "user_agent": "python-httpx/0.25.2", "resource": "/api/auth/login", "action": "POST", "success": false, "details": {"reason": "Invalid credentials"}, "request_id": "e3de7a57-43d6-4542-b527-bcb6bef323e7"}
INFO     app.middleware.rate_limiter:rate_limiter.py:73 AUTH FAIL: 127.0.0.1 - failed login attempt
INFO     sqlalchemy.engine.Engine:base.py:2713 ROLLBACK
INFO     httpx:_client.py:1729 HTTP Request: POST http://test/api/auth/login "HTTP/1.1 401 Unauthorized"
_ ERROR at setup of TestLecturersValidation.test_create_lecturer_invalid_department _
/usr/local/lib/python3.11/site-packages/pytest_asyncio/plugin.py:326: in _async_fixture_wrapper
    return event_loop.run_until_complete(setup())
/usr/local/lib/python3.11/asyncio/base_events.py:654: in run_until_complete
    return future.result()
/usr/local/lib/python3.11/site-packages/pytest_asyncio/plugin.py:323: in setup
    res = await func(**_add_kwargs(func, kwargs, event_loop, request))
tests/conftest.py:177: in auth_token
    assert response.status_code == 200, (
E   AssertionError: Coordinator login failed: 401 {"detail":"Incorrect username or password"}
[...]
2026-02-20 14:16:26 - audit - INFO - {"timestamp": "2026-02-20T14:16:26.139176Z", "event_type": "LOGIN_FAILURE", "user_id": null, "username": "coordinator", "ip_address": "127.0.0.1", "user_agent": "python-httpx/0.25.2", "resource": "/api/auth/login", "action": "POST", "success": false, "details": {"reason": "Invalid credentials"}, "request_id": "0bba4318-fa0f-4bf9-8e2c-aef43857acd7"}
2026-02-20 14:16:26 - app.middleware.rate_limiter - INFO - AUTH FAIL: 127.0.0.1 - failed login attempt
2026-02-20 14:16:26 - sqlalchemy.engine.Engine - INFO - ROLLBACK
2026-02-20 14:16:26 - httpx - INFO - HTTP Request: POST http://test/api/auth/login "HTTP/1.1 401 Unauthorized"
------------------------------ Captured log setup ------------------------------
DEBUG    app.database:database.py:64 DB Pool: 1/5 in, 0 out, -4 overflow
INFO     sqlalchemy.engine.Engine:base.py:2710 BEGIN (implicit)
INFO     sqlalchemy.engine.Engine:base.py:1846 SELECT users.id AS users_id, users.email AS users_email, users.username AS users_username, users.hashed_password AS users_hashed_password, users.full_name AS users_full_name, users.role AS users_role, users.department_id AS users_department_id, users.is_active AS users_is_active 
FROM users 
WHERE users.username = %(username_1)s 
 LIMIT %(param_1)s
INFO     sqlalchemy.engine.Engine:base.py:1846 [cached since 52.97s ago] {'username_1': 'coordinator', 'param_1': 1}
INFO     audit:audit_logger.py:78 {"timestamp": "2026-02-20T14:16:26.139176Z", "event_type": "LOGIN_FAILURE", "user_id": null, "username": "coordinator", "ip_address": "127.0.0.1", "user_agent": "python-httpx/0.25.2", "resource": "/api/auth/login", "action": "POST", "success": false, "details": {"reason": "Invalid credentials"}, "request_id": "0bba4318-fa0f-4bf9-8e2c-aef43857acd7"}
INFO     app.middleware.rate_limiter:rate_limiter.py:73 AUTH FAIL: 127.0.0.1 - failed login attempt
INFO     sqlalchemy.engine.Engine:base.py:2713 ROLLBACK
INFO     httpx:_client.py:1729 HTTP Request: POST http://test/api/auth/login "HTTP/1.1 401 Unauthorized"
___ ERROR at setup of TestDepartmentsValidation.test_create_department_valid ___
/usr/local/lib/python3.11/site-packages/pytest_asyncio/plugin.py:326: in _async_fixture_wrapper
    return event_loop.run_until_complete(setup())
/usr/local/lib/python3.11/asyncio/base_events.py:654: in run_until_complete
    return future.result()
/usr/local/lib/python3.11/site-packages/pytest_asyncio/plugin.py:323: in setup
    res = await func(**_add_kwargs(func, kwargs, event_loop, request))
tests/conftest.py:177: in auth_token
    assert response.status_code == 200, (
E   AssertionError: Coordinator login failed: 401 {"detail":"Incorrect username or password"}
E   assert 401 == 200
E    +  where 401 = <Response [401 Unauthorized]>.status_code
---------------------------- Captured stdout setup -----------------------------
2026-02-20 14:16:26,855 INFO sqlalchemy.engine.Engine BEGIN (implicit)
2026-02-20 14:16:26,857 INFO sqlalchemy.engine.Engine SELECT users.id AS users_id, users.email AS users_email, users.username AS users_username, users.hashed_password AS users_hashed_password, users.full_name AS users_full_name, users.role AS users_role, users.department_id AS users_department_id, users.is_active AS users_is_active 
FROM users 
WHERE users.username = %(username_1)s 
 LIMIT %(param_1)s
2026-02-20 14:16:26,857 INFO sqlalchemy.engine.Engine [cached since 54.38s ago] {'username_1': 'coordinator', 'param_1': 1}
2026-02-20 14:16:28,177 INFO sqlalchemy.engine.Engine ROLLBACK
---------------------------- Captured stderr setup -----------------------------
2026-02-20 14:16:26 - app.database - DEBUG - DB Pool: 1/5 in, 0 out, -4 overflow
2026-02-20 14:16:26 - sqlalchemy.engine.Engine - INFO - BEGIN (implicit)
2026-02-20 14:16:26 - sqlalchemy.engine.Engine - INFO - SELECT users.id AS users_id, users.email AS users_email, users.username AS users_username, users.hashed_password AS users_hashed_password, users.full_name AS users_full_name, users.role AS users_role, users.department_id AS users_department_id, users.is_active AS users_is_active 
FROM users 
WHERE users.username = %(username_1)s 
 LIMIT %(param_1)s
2026-02-20 14:16:26 - sqlalchemy.engine.Engine - INFO - [cached since 54.38s ago] {'username_1': 'coordinator', 'param_1': 1}
2026-02-20 14:16:27 - audit - INFO - {"timestamp": "2026-02-20T14:16:27.599810Z", "event_type": "LOGIN_FAILURE", "user_id": null, "username": "coordinator", "ip_address": "127.0.0.1", "user_agent": "python-httpx/0.25.2", "resource": "/api/auth/login", "action": "POST", "success": false, "details": {"reason": "Invalid credentials"}, "request_id": "7e51e721-f8b3-44c9-9053-2b309654d21c"}
2026-02-20 14:16:27 - app.middleware.rate_limiter - INFO - AUTH FAIL: 127.0.0.1 - failed login attempt
2026-02-20 14:16:28 - sqlalchemy.engine.Engine - INFO - ROLLBACK
2026-02-20 14:16:28 - httpx - INFO - HTTP Request: POST http://test/api/auth/login "HTTP/1.1 401 Unauthorized"
------------------------------ Captured log setup ------------------------------
DEBUG    app.database:database.py:64 DB Pool: 1/5 in, 0 out, -4 overflow
INFO     sqlalchemy.engine.Engine:base.py:2710 BEGIN (implicit)
INFO     sqlalchemy.engine.Engine:base.py:1846 SELECT users.id AS users_id, users.email AS users_email, users.username AS users_username, users.hashed_password AS users_hashed_password, users.full_name AS users_full_name, users.role AS users_role, users.department_id AS users_department_id, users.is_active AS users_is_active 
FROM users 
WHERE users.username = %(username_1)s 
 LIMIT %(param_1)s
INFO     sqlalchemy.engine.Engine:base.py:1846 [cached since 54.38s ago] {'username_1': 'coordinator', 'param_1': 1}
INFO     audit:audit_logger.py:78 {"timestamp": "2026-02-20T14:16:27.599810Z", "event_type": "LOGIN_FAILURE", "user_id": null, "username": "coordinator", "ip_address": "127.0.0.1", "user_agent": "python-httpx/0.25.2", "resource": "/api/auth/login", "action": "POST", "success": false, "details": {"reason": "Invalid credentials"}, "request_id": "7e51e721-f8b3-44c9-9053-2b309654d21c"}
INFO     app.middleware.rate_limiter:rate_limiter.py:73 AUTH FAIL: 127.0.0.1 - failed login attempt
INFO     sqlalchemy.engine.Engine:base.py:2713 ROLLBACK
INFO     httpx:_client.py:1729 HTTP Request: POST http://test/api/auth/login "HTTP/1.1 401 Unauthorized"
_ ERROR at setup of TestDepartmentsValidation.test_create_multiple_departments_different_codes _
/usr/local/lib/python3.11/site-packages/pytest_asyncio/plugin.py:326: in _async_fixture_wrapper
    return event_loop.run_until_complete(setup())
/usr/local/lib/python3.11/asyncio/base_events.py:654: in run_until_complete
    return future.result()
/usr/local/lib/python3.11/site-packages/pytest_asyncio/plugin.py:323: in setup
    res = await func(**_add_kwargs(func, kwargs, event_loop, request))
tests/conftest.py:177: in auth_token
    assert response.status_code == 200, (
E   AssertionError: Coordinator login failed: 401 {"detail":"Incorrect username or password"}
E   assert 401 == 200
E    +  where 401 = <Response [401 Unauthorized]>.status_code
---------------------------- Captured stdout setup -----------------------------
2026-02-20 14:16:31,492 INFO sqlalchemy.engine.Engine BEGIN (implicit)
2026-02-20 14:16:31,493 INFO sqlalchemy.engine.Engine SELECT users.id AS users_id, users.email AS users_email, users.username AS users_username, users.hashed_password AS users_hashed_password, users.full_name AS users_full_name, users.role AS users_role, users.department_id AS users_department_id, users.is_active AS users_is_active 
FROM users 
WHERE users.username = %(username_1)s 
 LIMIT %(param_1)s
2026-02-20 14:16:31,493 INFO sqlalchemy.engine.Engine [cached since 59.02s ago] {'username_1': 'coordinator', 'param_1': 1}
2026-02-20 14:16:32,988 INFO sqlalchemy.engine.Engine ROLLBACK
---------------------------- Captured stderr setup -----------------------------
2026-02-20 14:16:31 - app.database - DEBUG - DB Pool: 1/5 in, 0 out, -4 overflow
2026-02-20 14:16:31 - sqlalchemy.engine.Engine - INFO - BEGIN (implicit)
2026-02-20 14:16:31 - sqlalchemy.engine.Engine - INFO - SELECT users.id AS users_id, users.email AS users_email, users.username AS users_username, users.hashed_password AS users_hashed_password, users.full_name AS users_full_name, users.role AS users_role, users.department_id AS users_department_id, users.is_active AS users_is_active 
FROM users 
WHERE users.username = %(username_1)s 
 LIMIT %(param_1)s
2026-02-20 14:16:31 - sqlalchemy.engine.Engine - INFO - [cached since 59.02s ago] {'username_1': 'coordinator', 'param_1': 1}
2026-02-20 14:16:32 - audit - INFO - {"timestamp": "2026-02-20T14:16:32.213542Z", "event_type": "LOGIN_FAILURE", "user_id": null, "username": "coordinator", "ip_address": "127.0.0.1", "user_agent": "python-httpx/0.25.2", "resource": "/api/auth/login", "action": "POST", "success": false, "details": {"reason": "Invalid credentials"}, "request_id": "6e294b69-cfcd-4106-9db5-c64483cae8cb"}
2026-02-20 14:16:32 - app.middleware.rate_limiter - INFO - AUTH FAIL: 127.0.0.1 - failed login attempt
2026-02-20 14:16:32 - sqlalchemy.engine.Engine - INFO - ROLLBACK
2026-02-20 14:16:32 - httpx - INFO - HTTP Request: POST http://test/api/auth/login "HTTP/1.1 401 Unauthorized"
------------------------------ Captured log setup ------------------------------
DEBUG    app.database:database.py:64 DB Pool: 1/5 in, 0 out, -4 overflow
INFO     sqlalchemy.engine.Engine:base.py:2710 BEGIN (implicit)
INFO     sqlalchemy.engine.Engine:base.py:1846 SELECT users.id AS users_id, users.email AS users_email, users.username AS users_username, users.hashed_password AS users_hashed_password, users.full_name AS users_full_name, users.role AS users_role, users.department_id AS users_department_id, users.is_active AS users_is_active 
FROM users 
WHERE users.username = %(username_1)s 
 LIMIT %(param_1)s
INFO     sqlalchemy.engine.Engine:base.py:1846 [cached since 59.02s ago] {'username_1': 'coordinator', 'param_1': 1}
INFO     audit:audit_logger.py:78 {"timestamp": "2026-02-20T14:16:32.213542Z", "event_type": "LOGIN_FAILURE", "user_id": null, "username": "coordinator", "ip_address": "127.0.0.1", "user_agent": "python-httpx/0.25.2", "resource": "/api/auth/login", "action": "POST", "success": false, "details": {"reason": "Invalid credentials"}, "request_id": "6e294b69-cfcd-4106-9db5-c64483cae8cb"}
INFO     app.middleware.rate_limiter:rate_limiter.py:73 AUTH FAIL: 127.0.0.1 - failed login attempt
INFO     sqlalchemy.engine.Engine:base.py:2713 ROLLBACK
INFO     httpx:_client.py:1729 HTTP Request: POST http://test/api/auth/login "HTTP/1.1 401 Unauthorized"
_____ ERROR at setup of TestDepartmentsValidation.test_get_all_departments _____
/usr/local/lib/python3.11/site-packages/pytest_asyncio/plugin.py:326: in _async_fixture_wrapper
    return event_loop.run_until_complete(setup())
/usr/local/lib/python3.11/asyncio/base_events.py:654: in run_until_complete
    return future.result()
/usr/local/lib/python3.11/site-packages/pytest_asyncio/plugin.py:323: in setup
    res = await func(**_add_kwargs(func, kwargs, event_loop, request))
tests/conftest.py:177: in auth_token
    assert response.status_code == 200, (
E   AssertionError: Coordinator login failed: 401 {"detail":"Incorrect username or password"}
E   assert 401 == 200
E    +  where 401 = <Response [401 Unauthorized]>.status_code
---------------------------- Captured stdout setup -----------------------------
2026-02-20 14:16:34,890 INFO sqlalchemy.engine.Engine BEGIN (implicit)
2026-02-20 14:16:34,891 INFO sqlalchemy.engine.Engine SELECT users.id AS users_id, users.email AS users_email, users.username AS users_username, users.hashed_password AS users_hashed_password, users.full_name AS users_full_name, users.role AS users_role, users.department_id AS users_department_id, users.is_active AS users_is_active 
FROM users 
WHERE users.username = %(username_1)s 
 LIMIT %(param_1)s
2026-02-20 14:16:34,892 INFO sqlalchemy.engine.Engine [cached since 62.42s ago] {'username_1': 'coordinator', 'param_1': 1}
2026-02-20 14:16:35,640 INFO sqlalchemy.engine.Engine ROLLBACK
---------------------------- Captured stderr setup -----------------------------
2026-02-20 14:16:34 - app.database - DEBUG - DB Pool: 1/5 in, 0 out, -4 overflow
2026-02-20 14:16:34 - sqlalchemy.engine.Engine - INFO - BEGIN (implicit)
2026-02-20 14:16:34 - sqlalchemy.engine.Engine - INFO - SELECT users.id AS users_id, users.email AS users_email, users.username AS users_username, users.hashed_password AS users_hashed_password, users.full_name AS users_full_name, users.role AS users_role, users.department_id AS users_department_id, users.is_active AS users_is_active 
FROM users 
WHERE users.username = %(username_1)s 
 LIMIT %(param_1)s
2026-02-20 14:16:34 - sqlalchemy.engine.Engine - INFO - [cached since 62.42s ago] {'username_1': 'coordinator', 'param_1': 1}
2026-02-20 14:16:35 - audit - INFO - {"timestamp": "2026-02-20T14:16:35.622762Z", "event_type": "LOGIN_FAILURE", "user_id": null, "username": "coordinator", "ip_address": "127.0.0.1", "user_agent": "python-httpx/0.25.2", "resource": "/api/auth/login", "action": "POST", "success": false, "details": {"reason": "Invalid credentials"}, "request_id": "d0641942-6c65-4e82-ae2a-9c8f31dd6187"}
2026-02-20 14:16:35 - app.middleware.rate_limiter - INFO - AUTH FAIL: 127.0.0.1 - failed login attempt
2026-02-20 14:16:35 - sqlalchemy.engine.Engine - INFO - ROLLBACK
2026-02-20 14:16:35 - httpx - INFO - HTTP Request: POST http://test/api/auth/login "HTTP/1.1 401 Unauthorized"
------------------------------ Captured log setup ------------------------------
DEBUG    app.database:database.py:64 DB Pool: 1/5 in, 0 out, -4 overflow
INFO     sqlalchemy.engine.Engine:base.py:2710 BEGIN (implicit)
INFO     sqlalchemy.engine.Engine:base.py:1846 SELECT users.id AS users_id, users.email AS users_email, users.username AS users_username, users.hashed_password AS users_hashed_password, users.full_name AS users_full_name, users.role AS users_role, users.department_id AS users_department_id, users.is_active AS users_is_active 
FROM users 
WHERE users.username = %(username_1)s 
 LIMIT %(param_1)s
INFO     sqlalchemy.engine.Engine:base.py:1846 [cached since 62.42s ago] {'username_1': 'coordinator', 'param_1': 1}
INFO     audit:audit_logger.py:78 {"timestamp": "2026-02-20T14:16:35.622762Z", "event_type": "LOGIN_FAILURE", "user_id": null, "username": "coordinator", "ip_address": "127.0.0.1", "user_agent": "python-httpx/0.25.2", "resource": "/api/auth/login", "action": "POST", "success": false, "details": {"reason": "Invalid credentials"}, "request_id": "d0641942-6c65-4e82-ae2a-9c8f31dd6187"}
INFO     app.middleware.rate_limiter:rate_limiter.py:73 AUTH FAIL: 127.0.0.1 - failed login attempt
INFO     sqlalchemy.engine.Engine:base.py:2713 ROLLBACK
INFO     httpx:_client.py:1729 HTTP Request: POST http://test/api/auth/login "HTTP/1.1 401 Unauthorized"
=========================== short test summary info ============================
ERROR tests/test_routers_validation.py::TestCoursesValidation::test_create_course_invalid_level
ERROR tests/test_routers_validation.py::TestCoursesValidation::test_create_course_invalid_credits
ERROR tests/test_routers_validation.py::TestCoursesValidation::test_create_course_negative_hours
ERROR tests/test_routers_validation.py::TestCoursesValidation::test_create_course_excessive_total_hours
ERROR tests/test_routers_validation.py::TestCoursesValidation::test_create_course_empty_code
ERROR tests/test_routers_validation.py::TestCoursesValidation::test_create_course_empty_name
ERROR tests/test_routers_validation.py::TestCoursesValidation::test_create_course_invalid_department
ERROR tests/test_routers_validation.py::TestCoursesValidation::test_create_course_duplicate_code
ERROR tests/test_routers_validation.py::TestCoursesValidation::test_get_nonexistent_course
ERROR tests/test_routers_validation.py::TestCoursesValidation::test_update_nonexistent_course
ERROR tests/test_routers_validation.py::TestCoursesValidation::test_create_course_valid
ERROR tests/test_routers_validation.py::TestCoursesValidation::test_update_course_valid
ERROR tests/test_routers_validation.py::TestLecturersValidation::test_create_lecturer_invalid_email
ERROR tests/test_routers_validation.py::TestLecturersValidation::test_create_lecturer_invalid_max_hours_high
ERROR tests/test_routers_validation.py::TestLecturersValidation::test_create_lecturer_invalid_max_hours_zero
ERROR tests/test_routers_validation.py::TestLecturersValidation::test_create_lecturer_empty_staff_number
ERROR tests/test_routers_validation.py::TestLecturersValidation::test_create_lecturer_empty_full_name
ERROR tests/test_routers_validation.py::TestLecturersValidation::test_create_lecturer_invalid_department
ERROR tests/test_routers_validation.py::TestLecturersValidation::test_create_lecturer_duplicate_staff_number
ERROR tests/test_routers_validation.py::TestLecturersValidation::test_create_lecturer_duplicate_email
ERROR tests/test_routers_validation.py::TestLecturersValidation::test_update_nonexistent_lecturer
ERROR tests/test_routers_validation.py::TestLecturersValidation::test_create_lecturer_valid
ERROR tests/test_routers_validation.py::TestRoomsValidation::test_create_room_zero_capacity
ERROR tests/test_routers_validation.py::TestRoomsValidation::test_create_room_excessive_capacity
ERROR tests/test_routers_validation.py::TestRoomsValidation::test_create_room_invalid_type
ERROR tests/test_routers_validation.py::TestRoomsValidation::test_create_room_empty_name
ERROR tests/test_routers_validation.py::TestRoomsValidation::test_create_room_invalid_department
ERROR tests/test_routers_validation.py::TestRoomsValidation::test_create_room_duplicate_name
ERROR tests/test_routers_validation.py::TestRoomsValidation::test_update_nonexistent_room
ERROR tests/test_routers_validation.py::TestRoomsValidation::test_create_room_valid_lecture_hall
ERROR tests/test_routers_validation.py::TestRoomsValidation::test_create_room_valid_lab
ERROR tests/test_routers_validation.py::TestRoomsValidation::test_create_room_valid_tutorial
ERROR tests/test_routers_validation.py::TestGroupsValidation::test_create_group_zero_size
ERROR tests/test_routers_validation.py::TestGroupsValidation::test_create_group_excessive_size
ERROR tests/test_routers_validation.py::TestGroupsValidation::test_create_group_invalid_level
ERROR tests/test_routers_validation.py::TestGroupsValidation::test_create_group_empty_name
ERROR tests/test_routers_validation.py::TestGroupsValidation::test_create_group_invalid_department
ERROR tests/test_routers_validation.py::TestGroupsValidation::test_create_group_duplicate_name
ERROR tests/test_routers_validation.py::TestGroupsValidation::test_update_nonexistent_group
ERROR tests/test_routers_validation.py::TestGroupsValidation::test_create_group_valid
ERROR tests/test_routers_validation.py::TestGroupsValidation::test_create_group_minimum_size
ERROR tests/test_routers_validation.py::TestGroupsValidation::test_create_group_maximum_size
ERROR tests/test_routers_validation.py::TestDepartmentsValidation::test_create_department_empty_name
ERROR tests/test_routers_validation.py::TestDepartmentsValidation::test_create_department_empty_code
ERROR tests/test_routers_validation.py::TestDepartmentsValidation::test_create_department_duplicate_code
ERROR tests/test_routers_validation.py::TestDepartmentsValidation::test_create_department_duplicate_name
ERROR tests/test_routers_validation.py::TestDepartmentsValidation::test_delete_nonexistent_department
ERROR tests/test_routers_validation.py::TestDepartmentsValidation::test_create_department_valid
ERROR tests/test_routers_validation.py::TestDepartmentsValidation::test_create_multiple_departments_different_codes
ERROR tests/test_routers_validation.py::TestDepartmentsValidation::test_get_all_departments
================== 15 warnings, 50 errors in 71.54s (0:01:11) ==================
